This is pdfTeX, Version 3.141592653-2.6-1.40.24 (TeX Live 2022) (preloaded format=pdflatex 2023.3.1)  26 MAY 2023 16:41
entering extended mode
 restricted \write18 enabled.
 %&-line parsing enabled.
**thesis.tex
(./thesis.tex
LaTeX2e <2021-11-15> patch level 1
L3 programming layer <2022-02-24> (./guelphthesis.cls
Document Class: guelphthesis 2022/10/11
(/usr/local/texlive/2022/texmf-dist/tex/latex/base/book.cls
Document Class: book 2021/10/04 v1.4n Standard LaTeX document class
(/usr/local/texlive/2022/texmf-dist/tex/latex/base/bk12.clo
File: bk12.clo 2021/10/04 v1.4n Standard LaTeX file (size option)
)
\c@part=\count185
\c@chapter=\count186
\c@section=\count187
\c@subsection=\count188
\c@subsubsection=\count189
\c@paragraph=\count190
\c@subparagraph=\count191
\c@figure=\count192
\c@table=\count193
\abovecaptionskip=\skip47
\belowcaptionskip=\skip48
\bibindent=\dimen138
) (/usr/local/texlive/2022/texmf-dist/tex/latex/xurl/xurl.sty
Package: xurl 2022/01/09 v 0.10 modify URL breaks
(/usr/local/texlive/2022/texmf-dist/tex/latex/url/url.sty
\Urlmuskip=\muskip16
Package: url 2013/09/16  ver 3.4  Verb mode for urls, etc.
)) (/usr/local/texlive/2022/texmf-dist/tex/latex/titlecaps/titlecaps.sty
Package: titlecaps 2015/01/30 V1.2 Routines for setting rich-text input into Ti
tling Caps
(/usr/local/texlive/2022/texmf-dist/tex/latex/ifnextok/ifnextok.sty
Package: ifnextok 2011/06/27 v0.3 test next token (UL)
) (/usr/local/texlive/2022/texmf-dist/tex/latex/base/ifthen.sty
Package: ifthen 2020/11/24 v1.1c Standard LaTeX ifthen package (DPC)
)
\c@lcword@index=\count194
\c@word@count=\count195
\c@lc@words=\count196
\c@dia@count=\count197
\c@arg@@@index=\count198
) (/usr/local/texlive/2022/texmf-dist/tex/latex/titlesec/titlesec.sty
Package: titlesec 2021/07/05 v2.14 Sectioning titles
\ttl@box=\box50
\beforetitleunit=\skip49
\aftertitleunit=\skip50
\ttl@plus=\dimen139
\ttl@minus=\dimen140
\ttl@toksa=\toks16
\titlewidth=\dimen141
\titlewidthlast=\dimen142
\titlewidthfirst=\dimen143
) (/usr/local/texlive/2022/texmf-dist/tex/latex/fancyhdr/fancyhdr.sty
Package: fancyhdr 2021/01/28 v4.0.1 Extensive control of page headers and foote
rs
\f@nch@headwidth=\skip51
\f@nch@O@elh=\skip52
\f@nch@O@erh=\skip53
\f@nch@O@olh=\skip54
\f@nch@O@orh=\skip55
\f@nch@O@elf=\skip56
\f@nch@O@erf=\skip57
\f@nch@O@olf=\skip58
\f@nch@O@orf=\skip59
) (/usr/local/texlive/2022/texmf-dist/tex/latex/etoolbox/etoolbox.sty
Package: etoolbox 2020/10/05 v2.5k e-TeX tools for LaTeX (JAW)
\etb@tempcnta=\count199
) (/usr/local/texlive/2022/texmf-dist/tex/latex/tools/multicol.sty
Package: multicol 2021/10/28 v1.9b multicolumn formatting (FMi)
\c@tracingmulticols=\count266
\mult@box=\box51
\multicol@leftmargin=\dimen144
\c@unbalance=\count267
\c@collectmore=\count268
\doublecol@number=\count269
\multicoltolerance=\count270
\multicolpretolerance=\count271
\full@width=\dimen145
\page@free=\dimen146
\premulticols=\dimen147
\postmulticols=\dimen148
\multicolsep=\skip60
\multicolbaselineskip=\skip61
\partial@page=\box52
\last@line=\box53
\maxbalancingoverflow=\dimen149
\mult@rightbox=\box54
\mult@grightbox=\box55
\mult@firstbox=\box56
\mult@gfirstbox=\box57
\@tempa=\box58
\@tempa=\box59
\@tempa=\box60
\@tempa=\box61
\@tempa=\box62
\@tempa=\box63
\@tempa=\box64
\@tempa=\box65
\@tempa=\box66
\@tempa=\box67
\@tempa=\box68
\@tempa=\box69
\@tempa=\box70
\@tempa=\box71
\@tempa=\box72
\@tempa=\box73
\@tempa=\box74
\@tempa=\box75
\@tempa=\box76
\@tempa=\box77
\@tempa=\box78
\@tempa=\box79
\@tempa=\box80
\@tempa=\box81
\@tempa=\box82
\@tempa=\box83
\@tempa=\box84
\@tempa=\box85
\@tempa=\box86
\@tempa=\box87
\@tempa=\box88
\@tempa=\box89
\@tempa=\box90
\@tempa=\box91
\@tempa=\box92
\@tempa=\box93
\c@minrows=\count272
\c@columnbadness=\count273
\c@finalcolumnbadness=\count274
\last@try=\dimen150
\multicolovershoot=\dimen151
\multicolundershoot=\dimen152
\mult@nat@firstbox=\box94
\colbreak@box=\box95
\mc@col@check@num=\count275
) (/usr/local/texlive/2022/texmf-dist/tex/latex/footmisc/footmisc.sty
Package: footmisc 2022/03/08 v6.0d a miscellany of footnote facilities
\FN@temptoken=\toks17
\footnotemargin=\dimen153
\@outputbox@depth=\dimen154
Package footmisc Info: Declaring symbol style bringhurst on input line 695.
Package footmisc Info: Declaring symbol style chicago on input line 703.
Package footmisc Info: Declaring symbol style wiley on input line 712.
Package footmisc Info: Declaring symbol style lamport-robust on input line 723.

Package footmisc Info: Declaring symbol style lamport* on input line 743.
Package footmisc Info: Declaring symbol style lamport*-robust on input line 764
.
) (/usr/local/texlive/2022/texmf-dist/tex/generic/soul/soul.sty
Package: soul 2003/11/17 v2.4 letterspacing/underlining (mf)
\SOUL@word=\toks18
\SOUL@lasttoken=\toks19
\SOUL@cmds=\toks20
\SOUL@buffer=\toks21
\SOUL@token=\toks22
\SOUL@spaceskip=\skip62
\SOUL@ttwidth=\dimen155
\SOUL@uldp=\dimen156
\SOUL@ulht=\dimen157
) (/usr/local/texlive/2022/texmf-dist/tex/latex/caption/caption.sty
Package: caption 2022/03/01 v3.6b Customizing captions (AR)
(/usr/local/texlive/2022/texmf-dist/tex/latex/caption/caption3.sty
Package: caption3 2022/03/17 v2.3b caption3 kernel (AR)
(/usr/local/texlive/2022/texmf-dist/tex/latex/graphics/keyval.sty
Package: keyval 2014/10/28 v1.15 key=value parser (DPC)
\KV@toks@=\toks23
)
\caption@tempdima=\dimen158
\captionmargin=\dimen159
\caption@leftmargin=\dimen160
\caption@rightmargin=\dimen161
\caption@width=\dimen162
\caption@indent=\dimen163
\caption@parindent=\dimen164
\caption@hangindent=\dimen165
Package caption Info: Standard document class detected.
)
\c@caption@flags=\count276
\c@continuedfloat=\count277
)
(/usr/local/texlive/2022/texmf-dist/tex/latex/threeparttable/threeparttable.sty
Package: threeparttable 2003/06/13  v 3.0
\@tempboxb=\box96
) (/usr/local/texlive/2022/texmf-dist/tex/latex/anyfontsize/anyfontsize.sty
Package: anyfontsize 2007/11/22 anyfontsize.sty by pts
) (/usr/local/texlive/2022/texmf-dist/tex/latex/base/textcomp.sty
Package: textcomp 2020/02/02 v2.0n Standard LaTeX package
) (/usr/local/texlive/2022/texmf-dist/tex/latex/tools/longtable.sty
Package: longtable 2021-09-01 v4.17 Multi-page Table package (DPC)
\LTleft=\skip63
\LTright=\skip64
\LTpre=\skip65
\LTpost=\skip66
\LTchunksize=\count278
\LTcapwidth=\dimen166
\LT@head=\box97
\LT@firsthead=\box98
\LT@foot=\box99
\LT@lastfoot=\box100
\LT@gbox=\box101
\LT@cols=\count279
\LT@rows=\count280
\c@LT@tables=\count281
\c@LT@chunks=\count282
\LT@p@ftn=\toks24
) (/usr/local/texlive/2022/texmf-dist/tex/latex/makecell/makecell.sty
Package: makecell 2009/08/03 V0.1e Managing of Tab Column Heads and Cells
(/usr/local/texlive/2022/texmf-dist/tex/latex/tools/array.sty
Package: array 2021/10/04 v2.5f Tabular extension package (FMi)
\col@sep=\dimen167
\ar@mcellbox=\box102
\extrarowheight=\dimen168
\NC@list=\toks25
\extratabsurround=\skip67
\backup@length=\skip68
\ar@cellbox=\box103
)
\rotheadsize=\dimen169
\c@nlinenum=\count283
\TeXr@lab=\toks26
) (/usr/local/texlive/2022/texmf-dist/tex/latex/placeins/placeins.sty
Package: placeins 2005/04/18  v 2.2
) (/usr/local/texlive/2022/texmf-dist/tex/latex/multirow/multirow.sty
Package: multirow 2021/03/15 v2.8 Span multiple rows of a table
\multirow@colwidth=\skip69
\multirow@cntb=\count284
\multirow@dima=\skip70
\bigstrutjot=\dimen170
) (/usr/local/texlive/2022/texmf-dist/tex/latex/wrapfig/wrapfig.sty
\wrapoverhang=\dimen171
\WF@size=\dimen172
\c@WF@wrappedlines=\count285
\WF@box=\box104
\WF@everypar=\toks27
Package: wrapfig 2003/01/31  v 3.6
) (/usr/local/texlive/2022/texmf-dist/tex/latex/colortbl/colortbl.sty
Package: colortbl 2020/01/04 v1.0e Color table columns (DPC)
(/usr/local/texlive/2022/texmf-dist/tex/latex/graphics/color.sty
Package: color 2021/12/07 v1.3c Standard LaTeX Color (DPC)
(/usr/local/texlive/2022/texmf-dist/tex/latex/graphics-cfg/color.cfg
File: color.cfg 2016/01/02 v1.6 sample color configuration
)
Package color Info: Driver file: pdftex.def on input line 149.
(/usr/local/texlive/2022/texmf-dist/tex/latex/graphics-def/pdftex.def
File: pdftex.def 2020/10/05 v1.2a Graphics/color driver for pdftex
))
\everycr=\toks28
\minrowclearance=\skip71
) (/usr/local/texlive/2022/texmf-dist/tex/latex/pdflscape/pdflscape.sty
Package: pdflscape 2019/12/05 v0.12 Display of landscape pages in PDF (HO)
(/usr/local/texlive/2022/texmf-dist/tex/generic/iftex/iftex.sty
Package: iftex 2022/02/03 v1.0f TeX engine tests
) (/usr/local/texlive/2022/texmf-dist/tex/latex/graphics/lscape.sty
Package: lscape 2020/05/28 v3.02 Landscape Pages (DPC)
(/usr/local/texlive/2022/texmf-dist/tex/latex/graphics/graphics.sty
Package: graphics 2021/03/04 v1.4d Standard LaTeX Graphics (DPC,SPQR)
(/usr/local/texlive/2022/texmf-dist/tex/latex/graphics/trig.sty
Package: trig 2021/08/11 v1.11 sin cos tan (DPC)
) (/usr/local/texlive/2022/texmf-dist/tex/latex/graphics-cfg/graphics.cfg
File: graphics.cfg 2016/06/04 v1.11 sample graphics configuration
)
Package graphics Info: Driver file: pdftex.def on input line 107.
))
Package pdflscape Info: Auto-detected driver: pdftex on input line 81.
) (/usr/local/texlive/2022/texmf-dist/tex/latex/tabu/tabu.sty
Package: tabu 2019/01/11 v2.9 - flexible LaTeX tabulars (FC+tabu-fixed)
(/usr/local/texlive/2022/texmf-dist/tex/latex/varwidth/varwidth.sty
Package: varwidth 2009/03/30 ver 0.92;  Variable-width minipages
\@vwid@box=\box105
\sift@deathcycles=\count286
\@vwid@loff=\dimen173
\@vwid@roff=\dimen174
)
\c@taburow=\count287
\tabu@nbcols=\count288
\tabu@cnt=\count289
\tabu@Xcol=\count290
\tabu@alloc=\count291
\tabu@nested=\count292
\tabu@target=\dimen175
\tabu@spreadtarget=\dimen176
\tabu@naturalX=\dimen177
\tabucolX=\dimen178
\tabu@Xsum=\dimen179
\extrarowdepth=\dimen180
\abovetabulinesep=\dimen181
\belowtabulinesep=\dimen182
\tabustrutrule=\dimen183
\tabu@thebody=\toks29
\tabu@footnotes=\toks30
\tabu@box=\box106
\tabu@arstrutbox=\box107
\tabu@hleads=\box108
\tabu@vleads=\box109
\tabu@cellskip=\skip72
) (/usr/local/texlive/2022/texmf-dist/tex/generic/ulem/ulem.sty
\UL@box=\box110
\UL@hyphenbox=\box111
\UL@skip=\skip73
\UL@hook=\toks31
\UL@height=\dimen184
\UL@pe=\count293
\UL@pixel=\dimen185
\ULC@box=\box112
Package: ulem 2019/11/18
\ULdepth=\dimen186
) (/usr/local/texlive/2022/texmf-dist/tex/latex/amscls/amsthm.sty
Package: amsthm 2020/05/29 v2.20.6
\thm@style=\toks32
\thm@bodyfont=\toks33
\thm@headfont=\toks34
\thm@notefont=\toks35
\thm@headpunct=\toks36
\thm@preskip=\skip74
\thm@postskip=\skip75
\thm@headsep=\skip76
\dth@everypar=\toks37
) (/usr/local/texlive/2022/texmf-dist/tex/latex/amsmath/amsmath.sty
Package: amsmath 2021/10/15 v2.17l AMS math features
\@mathmargin=\skip77
For additional information on amsmath, use the `?' option.
(/usr/local/texlive/2022/texmf-dist/tex/latex/amsmath/amstext.sty
Package: amstext 2021/08/26 v2.01 AMS text
(/usr/local/texlive/2022/texmf-dist/tex/latex/amsmath/amsgen.sty
File: amsgen.sty 1999/11/30 v2.0 generic functions
\@emptytoks=\toks38
\ex@=\dimen187
)) (/usr/local/texlive/2022/texmf-dist/tex/latex/amsmath/amsbsy.sty
Package: amsbsy 1999/11/29 v1.2d Bold Symbols
\pmbraise@=\dimen188
) (/usr/local/texlive/2022/texmf-dist/tex/latex/amsmath/amsopn.sty
Package: amsopn 2021/08/26 v2.02 operator names
)
\inf@bad=\count294
LaTeX Info: Redefining \frac on input line 234.
\uproot@=\count295
\leftroot@=\count296
LaTeX Info: Redefining \overline on input line 399.
\classnum@=\count297
\DOTSCASE@=\count298
LaTeX Info: Redefining \ldots on input line 496.
LaTeX Info: Redefining \dots on input line 499.
LaTeX Info: Redefining \cdots on input line 620.
\Mathstrutbox@=\box113
\strutbox@=\box114
\big@size=\dimen189
LaTeX Font Info:    Redeclaring font encoding OML on input line 743.
LaTeX Font Info:    Redeclaring font encoding OMS on input line 744.
\macc@depth=\count299
\c@MaxMatrixCols=\count300
\dotsspace@=\muskip17
\c@parentequation=\count301
\dspbrk@lvl=\count302
\tag@help=\toks39
\row@=\count303
\column@=\count304
\maxfields@=\count305
\andhelp@=\toks40
\eqnshift@=\dimen190
\alignsep@=\dimen191
\tagshift@=\dimen192
\tagwidth@=\dimen193
\totwidth@=\dimen194
\lineht@=\dimen195
\@envbody=\toks41
\multlinegap=\skip78
\multlinetaggap=\skip79
\mathdisplay@stack=\toks42
LaTeX Info: Redefining \[ on input line 2938.
LaTeX Info: Redefining \] on input line 2939.
) (/usr/local/texlive/2022/texmf-dist/tex/latex/tools/bm.sty
Package: bm 2021/04/25 v1.2e Bold Symbol Support (DPC/FMi)
\symboldoperators=\mathgroup4
\symboldletters=\mathgroup5
\symboldsymbols=\mathgroup6
Package bm Info: No bold for \OMX/cmex/m/n, using \pmb.
LaTeX Font Info:    Redeclaring math alphabet \mathbf on input line 149.
) (/usr/local/texlive/2022/texmf-dist/tex/latex/was/upgreek.sty
Package: upgreek 2003/02/12 v2.0 (WaS)
Package upgreek Info: Using Euler Roman for upright Greek on input line 31.
\symugrf@m=\mathgroup7
LaTeX Font Info:    Overwriting symbol font `ugrf@m' in version `bold'
(Font)                  U/eur/m/n --> U/eur/b/n on input line 38.
) (/usr/local/texlive/2022/texmf-dist/tex/latex/booktabs/booktabs.sty
Package: booktabs 2020/01/12 v1.61803398 Publication quality tables
\heavyrulewidth=\dimen196
\lightrulewidth=\dimen197
\cmidrulewidth=\dimen198
\belowrulesep=\dimen199
\belowbottomsep=\dimen256
\aboverulesep=\dimen257
\abovetopsep=\dimen258
\cmidrulesep=\dimen259
\cmidrulekern=\dimen260
\defaultaddspace=\dimen261
\@cmidla=\count306
\@cmidlb=\count307
\@aboverulesep=\dimen262
\@belowrulesep=\dimen263
\@thisruleclass=\count308
\@lastruleclass=\count309
\@thisrulewidth=\dimen264
) (/usr/local/texlive/2022/texmf-dist/tex/latex/setspace/setspace.sty
Package: setspace 2011/12/19 v6.7a set line spacing
) (/usr/local/texlive/2022/texmf-dist/tex/latex/xargs/xargs.sty
Package: xargs 2008/03/22 v1.1  extended macro definitions  (mpg)
(/usr/local/texlive/2022/texmf-dist/tex/latex/xkeyval/xkeyval.sty
Package: xkeyval 2020/11/20 v2.8 package option processing (HA)
(/usr/local/texlive/2022/texmf-dist/tex/generic/xkeyval/xkeyval.tex (/usr/local
/texlive/2022/texmf-dist/tex/generic/xkeyval/xkvutils.tex
\XKV@toks=\toks43
\XKV@tempa@toks=\toks44
)
\XKV@depth=\count310
File: xkeyval.tex 2014/12/03 v2.7a key=value parser (HA)
))
\xargs@max=\count311
\xargs@toksa=\toks45
\xargs@toksb=\toks46
) (/usr/local/texlive/2022/texmf-dist/tex/latex/enumitem/enumitem.sty
Package: enumitem 2019/06/20 v3.9 Customized lists
\labelindent=\skip80
\enit@outerparindent=\dimen265
\enit@toks=\toks47
\enit@inbox=\box115
\enit@count@id=\count312
\enitdp@description=\count313
) (/usr/local/texlive/2022/texmf-dist/tex/latex/geometry/geometry.sty
Package: geometry 2020/01/02 v5.9 Page Geometry
(/usr/local/texlive/2022/texmf-dist/tex/generic/iftex/ifvtex.sty
Package: ifvtex 2019/10/25 v1.7 ifvtex legacy package. Use iftex instead.
)
\Gm@cnth=\count314
\Gm@cntv=\count315
\c@Gm@tempcnt=\count316
\Gm@bindingoffset=\dimen266
\Gm@wd@mp=\dimen267
\Gm@odd@mp=\dimen268
\Gm@even@mp=\dimen269
\Gm@layoutwidth=\dimen270
\Gm@layoutheight=\dimen271
\Gm@layouthoffset=\dimen272
\Gm@layoutvoffset=\dimen273
\Gm@dimlist=\toks48
) (/usr/local/texlive/2022/texmf-dist/tex/latex/textpos/textpos.sty
Package: textpos 2020/09/26 v1.10
Package: textpos 2020/09/26 1.10, absolute positioning of text on the page
Package textpos Info: choosing support for LaTeX3 on input line 61.
\TP@textbox=\box116
\TP@holdbox=\box117
\TPHorizModule=\dimen274
\TPVertModule=\dimen275
\TP@margin=\dimen276
\TP@absmargin=\dimen277
Grid set 16 x 16 = 38.39343pt x 49.68562pt
\TPboxrulesize=\dimen278
\TP@ox=\dimen279
\TP@oy=\dimen280
\TP@tbargs=\toks49
TextBlockOrigin set to 0pt x 0pt
) (/usr/local/texlive/2022/texmf-dist/tex/latex/l3packages/xparse/xparse.sty (/
usr/local/texlive/2022/texmf-dist/tex/latex/l3kernel/expl3.sty
Package: expl3 2022-02-24 L3 programming layer (loader) 
(/usr/local/texlive/2022/texmf-dist/tex/latex/l3backend/l3backend-pdftex.def
File: l3backend-pdftex.def 2022-02-07 L3 backend support: PDF output (pdfTeX)
\l__color_backend_stack_int=\count317
\l__pdf_internal_box=\box118
))
Package: xparse 2022-01-12 L3 Experimental document command parser
) (/usr/local/texlive/2022/texmf-dist/tex/latex/fvextra/fvextra.sty
Package: fvextra 2019/02/04 v1.4 fvextra - extensions and patches for fancyvrb
(/usr/local/texlive/2022/texmf-dist/tex/latex/fancyvrb/fancyvrb.sty
Package: fancyvrb 2021/12/21 4.1b verbatim text (tvz,hv)
\FV@CodeLineNo=\count318
\FV@InFile=\read2
\FV@TabBox=\box119
\c@FancyVerbLine=\count319
\FV@StepNumber=\count320
\FV@OutFile=\write3
) (/usr/local/texlive/2022/texmf-dist/tex/latex/upquote/upquote.sty
Package: upquote 2012/04/19 v1.3 upright-quote and grave-accent glyphs in verba
tim
) (/usr/local/texlive/2022/texmf-dist/tex/latex/lineno/lineno.sty
Package: lineno 2005/11/02 line numbers on paragraphs v4.41
\linenopenalty=\count321
\output=\toks50
\linenoprevgraf=\count322
\linenumbersep=\dimen281
\linenumberwidth=\dimen282
\c@linenumber=\count323
\c@pagewiselinenumber=\count324
\c@LN@truepage=\count325
\c@internallinenumber=\count326
\c@internallinenumbers=\count327
\quotelinenumbersep=\dimen283
\bframerule=\dimen284
\bframesep=\dimen285
\bframebox=\box120
LaTeX Info: Redefining \\ on input line 3056.
)
\c@FV@TrueTabGroupLevel=\count328
\c@FV@TrueTabCounter=\count329
\FV@TabBox@Group=\box121
\FV@TmpLength=\skip81
\c@FV@HighlightLinesStart=\count330
\c@FV@HighlightLinesStop=\count331
\FV@LoopCount=\count332
\FV@NCharsBox=\box122
\FV@BreakIndent=\dimen286
\FV@BreakIndentNChars=\count333
\FV@BreakSymbolSepLeft=\dimen287
\FV@BreakSymbolSepLeftNChars=\count334
\FV@BreakSymbolSepRight=\dimen288
\FV@BreakSymbolSepRightNChars=\count335
\FV@BreakSymbolIndentLeft=\dimen289
\FV@BreakSymbolIndentLeftNChars=\count336
\FV@BreakSymbolIndentRight=\dimen290
\FV@BreakSymbolIndentRightNChars=\count337
\c@FancyVerbLineBreakLast=\count338
\FV@LineBox=\box123
\FV@LineIndentBox=\box124
\FV@LineWidth=\dimen291
) (/usr/local/texlive/2022/texmf-dist/tex/latex/framed/framed.sty
Package: framed 2011/10/22 v 0.96: framed or shaded text with page breaks
\OuterFrameSep=\skip82
\fb@frw=\dimen292
\fb@frh=\dimen293
\FrameRule=\dimen294
\FrameSep=\dimen295
) (/usr/local/texlive/2022/texmf-dist/tex/latex/float/float.sty
Package: float 2001/11/08 v1.3d Float enhancements (AL)
\c@float@type=\count339
\float@exts=\toks51
\float@box=\box125
\@float@everytoks=\toks52
\@floatcapt=\box126
) (/usr/local/texlive/2022/texmf-dist/tex/latex/graphics/graphicx.sty
Package: graphicx 2021/09/16 v1.2d Enhanced LaTeX Graphics (DPC,SPQR)
\Gin@req@height=\dimen296
\Gin@req@width=\dimen297
) (/usr/local/texlive/2022/texmf-dist/tex/latex/everypage/everypage.sty
Package: everypage 2020/10/17 R2.0b Hooks to run on every page

Package everypage Warning: Functionality similar to this package has recently
(everypage)                been implemented in LaTeX. This package is now in
(everypage)                legacy status.
(everypage)                Please, don't use it in new documents and packages.


Package everypage Warning: You appear to be running a version of LaTeX
(everypage)                providing the new functionality.
(everypage)                Doing the best to deliver the original `everypage`
(everypage)                interface on top of it. Strict equivalence is
(everypage)                not possible, breakage may occur.
(everypage)                If truly needed, Use `everypage-1x` to force the
(everypage)                loading of an older code base.

)
\@float@every@chunk=\toks53
\c@chunk=\count340
\hfoot=\skip83
\vfoot=\skip84
) (/usr/local/texlive/2022/texmf-dist/tex/latex/tocloft/tocloft.sty
Package: tocloft 2017/08/31 v2.3i parameterised ToC, etc., typesetting
Package tocloft Info: The document has chapter divisions on input line 51.
\cftparskip=\skip85
\cftbeforetoctitleskip=\skip86
\cftaftertoctitleskip=\skip87
\cftbeforepartskip=\skip88
\cftpartnumwidth=\skip89
\cftpartindent=\skip90
\cftbeforechapskip=\skip91
\cftchapindent=\skip92
\cftchapnumwidth=\skip93
\cftbeforesecskip=\skip94
\cftsecindent=\skip95
\cftsecnumwidth=\skip96
\cftbeforesubsecskip=\skip97
\cftsubsecindent=\skip98
\cftsubsecnumwidth=\skip99
\cftbeforesubsubsecskip=\skip100
\cftsubsubsecindent=\skip101
\cftsubsubsecnumwidth=\skip102
\cftbeforeparaskip=\skip103
\cftparaindent=\skip104
\cftparanumwidth=\skip105
\cftbeforesubparaskip=\skip106
\cftsubparaindent=\skip107
\cftsubparanumwidth=\skip108
\cftbeforeloftitleskip=\skip109
\cftafterloftitleskip=\skip110
\cftbeforefigskip=\skip111
\cftfigindent=\skip112
\cftfignumwidth=\skip113
\c@lofdepth=\count341
\c@lotdepth=\count342
\cftbeforelottitleskip=\skip114
\cftafterlottitleskip=\skip115
\cftbeforetabskip=\skip116
\cfttabindent=\skip117
\cfttabnumwidth=\skip118
) (/usr/local/texlive/2022/texmf-dist/tex/latex/base/latexsym.sty
Package: latexsym 1998/08/17 v2.2e Standard LaTeX package (lasy symbols)
\symlasy=\mathgroup8
LaTeX Font Info:    Overwriting symbol font `lasy' in version `bold'
(Font)                  U/lasy/m/n --> U/lasy/b/n on input line 52.
) (/usr/local/texlive/2022/texmf-dist/tex/latex/amsfonts/amssymb.sty
Package: amssymb 2013/01/14 v3.01 AMS font symbols
(/usr/local/texlive/2022/texmf-dist/tex/latex/amsfonts/amsfonts.sty
Package: amsfonts 2013/01/14 v3.01 Basic AMSFonts support
\symAMSa=\mathgroup9
\symAMSb=\mathgroup10
LaTeX Font Info:    Redeclaring math symbol \hbar on input line 98.
LaTeX Font Info:    Overwriting math alphabet `\mathfrak' in version `bold'
(Font)                  U/euf/m/n --> U/euf/b/n on input line 106.
)) (/usr/local/texlive/2022/texmf-dist/tex/latex/lm/lmodern.sty
Package: lmodern 2015/05/01 v1.6.1 Latin Modern Fonts
LaTeX Font Info:    Overwriting symbol font `operators' in version `normal'
(Font)                  OT1/cmr/m/n --> OT1/lmr/m/n on input line 22.
LaTeX Font Info:    Overwriting symbol font `letters' in version `normal'
(Font)                  OML/cmm/m/it --> OML/lmm/m/it on input line 23.
LaTeX Font Info:    Overwriting symbol font `symbols' in version `normal'
(Font)                  OMS/cmsy/m/n --> OMS/lmsy/m/n on input line 24.
LaTeX Font Info:    Overwriting symbol font `largesymbols' in version `normal'
(Font)                  OMX/cmex/m/n --> OMX/lmex/m/n on input line 25.
LaTeX Font Info:    Overwriting symbol font `operators' in version `bold'
(Font)                  OT1/cmr/bx/n --> OT1/lmr/bx/n on input line 26.
LaTeX Font Info:    Overwriting symbol font `letters' in version `bold'
(Font)                  OML/cmm/b/it --> OML/lmm/b/it on input line 27.
LaTeX Font Info:    Overwriting symbol font `symbols' in version `bold'
(Font)                  OMS/cmsy/b/n --> OMS/lmsy/b/n on input line 28.
LaTeX Font Info:    Overwriting symbol font `largesymbols' in version `bold'
(Font)                  OMX/cmex/m/n --> OMX/lmex/m/n on input line 29.
LaTeX Font Info:    Overwriting math alphabet `\mathbf' in version `normal'
(Font)                  OT1/cmr/bx/n --> OT1/lmr/bx/n on input line 31.
LaTeX Font Info:    Overwriting math alphabet `\mathsf' in version `normal'
(Font)                  OT1/cmss/m/n --> OT1/lmss/m/n on input line 32.
LaTeX Font Info:    Overwriting math alphabet `\mathit' in version `normal'
(Font)                  OT1/cmr/m/it --> OT1/lmr/m/it on input line 33.
LaTeX Font Info:    Overwriting math alphabet `\mathtt' in version `normal'
(Font)                  OT1/cmtt/m/n --> OT1/lmtt/m/n on input line 34.
LaTeX Font Info:    Overwriting math alphabet `\mathbf' in version `bold'
(Font)                  OT1/cmr/bx/n --> OT1/lmr/bx/n on input line 35.
LaTeX Font Info:    Overwriting math alphabet `\mathsf' in version `bold'
(Font)                  OT1/cmss/bx/n --> OT1/lmss/bx/n on input line 36.
LaTeX Font Info:    Overwriting math alphabet `\mathit' in version `bold'
(Font)                  OT1/cmr/bx/it --> OT1/lmr/bx/it on input line 37.
LaTeX Font Info:    Overwriting math alphabet `\mathtt' in version `bold'
(Font)                  OT1/cmtt/m/n --> OT1/lmtt/m/n on input line 38.
) (/usr/local/texlive/2022/texmf-dist/tex/latex/tools/calc.sty
Package: calc 2017/05/25 v4.3 Infix arithmetic (KKT,FJ)
\calc@Acount=\count343
\calc@Bcount=\count344
\calc@Adimen=\dimen298
\calc@Bdimen=\dimen299
\calc@Askip=\skip119
\calc@Bskip=\skip120
LaTeX Info: Redefining \setlength on input line 80.
LaTeX Info: Redefining \addtolength on input line 81.
\calc@Ccount=\count345
\calc@Cskip=\skip121
) (/usr/local/texlive/2022/texmf-dist/tex/latex/graphics/rotating.sty
Package: rotating 2016/08/11 v2.16d rotated objects in LaTeX
\c@r@tfl@t=\count346
\rotFPtop=\skip122
\rotFPbot=\skip123
\rot@float@box=\box127
\rot@mess@toks=\toks54
) (/usr/local/texlive/2022/texmf-dist/tex/latex/tocbibind/tocbibind.sty
Package: tocbibind 2010/10/13 v1.5k extra ToC listings
Package tocbibind Info: The document has chapter divisions on input line 50.

Package tocbibind Note: Using chapter style headings, unless overridden.

) (/usr/local/texlive/2022/texmf-dist/tex/latex/tools/indentfirst.sty
Package: indentfirst 1995/11/23 v1.03 Indent first paragraph (DPC)
)
(/usr/local/texlive/2022/texmf-dist/tex/latex/draftwatermark/draftwatermark.sty
Package: draftwatermark 2020/12/08 3.0 Put a gray textual watermark on document
 pages
(/usr/local/texlive/2022/texmf-dist/tex/latex/kvoptions/kvoptions.sty
Package: kvoptions 2020-10-07 v3.14 Key value format for package options (HO)
(/usr/local/texlive/2022/texmf-dist/tex/generic/ltxcmds/ltxcmds.sty
Package: ltxcmds 2020-05-10 v1.25 LaTeX kernel commands for general use (HO)
) (/usr/local/texlive/2022/texmf-dist/tex/generic/kvsetkeys/kvsetkeys.sty
Package: kvsetkeys 2019/12/15 v1.18 Key value parser (HO)
)))
\c@app=\count347
\cftbeforeappskip=\skip124
\cftappindent=\skip125
\cftappnumwidth=\skip126
\c@loadepth=\count348
\cftbeforeloatitleskip=\skip127
\cftafterloatitleskip=\skip128
(/usr/local/texlive/2022/texmf-dist/tex/latex/chngcntr/chngcntr.sty
Package: chngcntr 2018/04/09 v1.1a change counter resetting
Package chngcntr Info: \counterwithout already defined.
(chngcntr)             Quitting chngcntr on input line 21.
)
\c@secapp=\count349
\cftbeforesecappskip=\skip129
\cftsecappindent=\skip130
\cftsecappnumwidth=\skip131
\c@subapp=\count350
\cftbeforesubappskip=\skip132
\cftsubappindent=\skip133
\cftsubappnumwidth=\skip134
\c@subsubapp=\count351
\cftbeforesubsubappskip=\skip135
\cftsubsubappindent=\skip136
\cftsubsubappnumwidth=\skip137
\c@paraapp=\count352
\cftbeforeparaappskip=\skip138
\cftparaappindent=\skip139
\cftparaappnumwidth=\skip140
\c@subparaapp=\count353
\cftbeforesubparaappskip=\skip141
\cftsubparaappindent=\skip142
\cftsubparaappnumwidth=\skip143
\c@subsubparaapp=\count354
\cftbeforesubsubparaappskip=\skip144
\cftsubsubparaappindent=\skip145
\cftsubsubparaappnumwidth=\skip146
\c@abb=\count355
\cftbeforeabbskip=\skip147
\cftabbindent=\skip148
\cftabbnumwidth=\skip149
\c@loabdepth=\count356
\cftbeforeloabtitleskip=\skip150
\cftafterloabtitleskip=\skip151
(/usr/local/texlive/2022/texmf-dist/tex/latex/hyperref/hyperref.sty
Package: hyperref 2022-02-21 v7.00n Hypertext links for LaTeX
(/usr/local/texlive/2022/texmf-dist/tex/generic/pdftexcmds/pdftexcmds.sty
Package: pdftexcmds 2020-06-27 v0.33 Utility functions of pdfTeX for LuaTeX (HO
)
(/usr/local/texlive/2022/texmf-dist/tex/generic/infwarerr/infwarerr.sty
Package: infwarerr 2019/12/03 v1.5 Providing info/warning/error messages (HO)
)
Package pdftexcmds Info: \pdf@primitive is available.
Package pdftexcmds Info: \pdf@ifprimitive is available.
Package pdftexcmds Info: \pdfdraftmode found.
) (/usr/local/texlive/2022/texmf-dist/tex/generic/kvdefinekeys/kvdefinekeys.sty
Package: kvdefinekeys 2019-12-19 v1.6 Define keys (HO)
) (/usr/local/texlive/2022/texmf-dist/tex/generic/pdfescape/pdfescape.sty
Package: pdfescape 2019/12/09 v1.15 Implements pdfTeX's escape features (HO)
) (/usr/local/texlive/2022/texmf-dist/tex/latex/hycolor/hycolor.sty
Package: hycolor 2020-01-27 v1.10 Color options for hyperref/bookmark (HO)
) (/usr/local/texlive/2022/texmf-dist/tex/latex/letltxmacro/letltxmacro.sty
Package: letltxmacro 2019/12/03 v1.6 Let assignment for LaTeX macros (HO)
) (/usr/local/texlive/2022/texmf-dist/tex/latex/auxhook/auxhook.sty
Package: auxhook 2019-12-17 v1.6 Hooks for auxiliary files (HO)
)
\@linkdim=\dimen300
\Hy@linkcounter=\count357
\Hy@pagecounter=\count358
(/usr/local/texlive/2022/texmf-dist/tex/latex/hyperref/pd1enc.def
File: pd1enc.def 2022-02-21 v7.00n Hyperref: PDFDocEncoding definition (HO)
Now handling font encoding PD1 ...
... no UTF-8 mapping file for font encoding PD1
) (/usr/local/texlive/2022/texmf-dist/tex/generic/intcalc/intcalc.sty
Package: intcalc 2019/12/15 v1.3 Expandable calculations with integers (HO)
) (/usr/local/texlive/2022/texmf-dist/tex/generic/etexcmds/etexcmds.sty
Package: etexcmds 2019/12/15 v1.7 Avoid name clashes with e-TeX commands (HO)
)
\Hy@SavedSpaceFactor=\count359
(/usr/local/texlive/2022/texmf-dist/tex/latex/hyperref/puenc.def
File: puenc.def 2022-02-21 v7.00n Hyperref: PDF Unicode definition (HO)
Now handling font encoding PU ...
... no UTF-8 mapping file for font encoding PU
)
Package hyperref Info: Hyper figures OFF on input line 4137.
Package hyperref Info: Link nesting OFF on input line 4142.
Package hyperref Info: Hyper index ON on input line 4145.
Package hyperref Info: Plain pages OFF on input line 4152.
Package hyperref Info: Backreferencing OFF on input line 4157.
Package hyperref Info: Implicit mode ON; LaTeX internals redefined.
Package hyperref Info: Bookmarks ON on input line 4390.
\c@Hy@tempcnt=\count360
LaTeX Info: Redefining \url on input line 4749.
\XeTeXLinkMargin=\dimen301
(/usr/local/texlive/2022/texmf-dist/tex/generic/bitset/bitset.sty
Package: bitset 2019/12/09 v1.3 Handle bit-vector datatype (HO)
(/usr/local/texlive/2022/texmf-dist/tex/generic/bigintcalc/bigintcalc.sty
Package: bigintcalc 2019/12/15 v1.5 Expandable calculations on big integers (HO
)
))
\Fld@menulength=\count361
\Field@Width=\dimen302
\Fld@charsize=\dimen303
Package hyperref Info: Hyper figures OFF on input line 6027.
Package hyperref Info: Link nesting OFF on input line 6032.
Package hyperref Info: Hyper index ON on input line 6035.
Package hyperref Info: backreferencing OFF on input line 6042.
Package hyperref Info: Link coloring OFF on input line 6047.
Package hyperref Info: Link coloring with OCG OFF on input line 6052.
Package hyperref Info: PDF/A mode OFF on input line 6057.
LaTeX Info: Redefining \ref on input line 6097.
LaTeX Info: Redefining \pageref on input line 6101.
(/usr/local/texlive/2022/texmf-dist/tex/latex/base/atbegshi-ltx.sty
Package: atbegshi-ltx 2021/01/10 v1.0c Emulation of the original atbegshi
package with kernel methods
)
\Hy@abspage=\count362
\c@Item=\count363
\c@Hfootnote=\count364
)
Package hyperref Info: Driver (autodetected): hpdftex.
(/usr/local/texlive/2022/texmf-dist/tex/latex/hyperref/hpdftex.def
File: hpdftex.def 2022-02-21 v7.00n Hyperref driver for pdfTeX
(/usr/local/texlive/2022/texmf-dist/tex/latex/base/atveryend-ltx.sty
Package: atveryend-ltx 2020/08/19 v1.0a Emulation of the original atveryend pac
kage
with kernel methods
)
\Fld@listcount=\count365
\c@bookmark@seq@number=\count366

(/usr/local/texlive/2022/texmf-dist/tex/latex/rerunfilecheck/rerunfilecheck.sty
Package: rerunfilecheck 2019/12/05 v1.9 Rerun checks for auxiliary files (HO)

(/usr/local/texlive/2022/texmf-dist/tex/generic/uniquecounter/uniquecounter.sty
Package: uniquecounter 2019/12/15 v1.4 Provide unlimited unique counter (HO)
)
Package uniquecounter Info: New unique counter `rerunfilecheck' on input line 2
86.
)
\Hy@SectionHShift=\skip152
) (/usr/local/texlive/2022/texmf-dist/tex/latex/biblatex/biblatex.sty
Package: biblatex 2022/02/02 v3.17 programmable bibliographies (PK/MW)
(/usr/local/texlive/2022/texmf-dist/tex/latex/logreq/logreq.sty
Package: logreq 2010/08/04 v1.0 xml request logger
\lrq@indent=\count367
(/usr/local/texlive/2022/texmf-dist/tex/latex/logreq/logreq.def
File: logreq.def 2010/08/04 v1.0 logreq spec v1.0
))
\c@tabx@nest=\count368
\c@listtotal=\count369
\c@listcount=\count370
\c@liststart=\count371
\c@liststop=\count372
\c@citecount=\count373
\c@citetotal=\count374
\c@multicitecount=\count375
\c@multicitetotal=\count376
\c@instcount=\count377
\c@maxnames=\count378
\c@minnames=\count379
\c@maxitems=\count380
\c@minitems=\count381
\c@citecounter=\count382
\c@maxcitecounter=\count383
\c@savedcitecounter=\count384
\c@uniquelist=\count385
\c@uniquename=\count386
\c@refsection=\count387
\c@refsegment=\count388
\c@maxextratitle=\count389
\c@maxextratitleyear=\count390
\c@maxextraname=\count391
\c@maxextradate=\count392
\c@maxextraalpha=\count393
\c@abbrvpenalty=\count394
\c@highnamepenalty=\count395
\c@lownamepenalty=\count396
\c@maxparens=\count397
\c@parenlevel=\count398
\blx@tempcnta=\count399
\blx@tempcntb=\count400
\blx@tempcntc=\count401
\c@blx@maxsection=\count402
\c@blx@maxsegment@0=\count403
\blx@notetype=\count404
\blx@parenlevel@text=\count405
\blx@parenlevel@foot=\count406
\c@blx@sectionciteorder@0=\count407
\blx@entrysetcounter=\count408
\blx@biblioinstance=\count409
\labelnumberwidth=\skip153
\labelalphawidth=\skip154
\biblabelsep=\skip155
\bibitemsep=\skip156
\bibnamesep=\skip157
\bibinitsep=\skip158
\bibparsep=\skip159
\bibhang=\skip160
\blx@bcfin=\read3
\blx@bcfout=\write4
\blx@langwohyphens=\language87
\c@mincomprange=\count410
\c@maxcomprange=\count411
\c@mincompwidth=\count412
Package biblatex Info: Trying to load biblatex default data model...
Package biblatex Info: ... file 'blx-dm.def' found.
(/usr/local/texlive/2022/texmf-dist/tex/latex/biblatex/blx-dm.def
File: blx-dm.def 2022/02/02 v3.17 biblatex localization (PK/MW)
)
Package biblatex Info: Trying to load biblatex style data model...
Package biblatex Info: ... file 'apa.dbx' found.
(/usr/local/texlive/2022/texmf-dist/tex/latex/biblatex-apa/apa.dbx
File: apa.dbx 2021/12/24 v9.15 APA biblatex style data model
)
Package biblatex Info: Trying to load biblatex custom data model...
Package biblatex Info: ... file 'biblatex-dm.cfg' not found.
\c@afterword=\count413
\c@savedafterword=\count414
\c@annotator=\count415
\c@savedannotator=\count416
\c@author=\count417
\c@savedauthor=\count418
\c@bookauthor=\count419
\c@savedbookauthor=\count420
\c@commentator=\count421
\c@savedcommentator=\count422
\c@editor=\count423
\c@savededitor=\count424
\c@editora=\count425
\c@savededitora=\count426
\c@editorb=\count427
\c@savededitorb=\count428
\c@editorc=\count429
\c@savededitorc=\count430
\c@foreword=\count431
\c@savedforeword=\count432
\c@holder=\count433
\c@savedholder=\count434
\c@introduction=\count435
\c@savedintroduction=\count436
\c@namea=\count437
\c@savednamea=\count438
\c@nameb=\count439
\c@savednameb=\count440
\c@namec=\count441
\c@savednamec=\count442
\c@translator=\count443
\c@savedtranslator=\count444
\c@shortauthor=\count445
\c@savedshortauthor=\count446
\c@shorteditor=\count447
\c@savedshorteditor=\count448
\c@narrator=\count449
\c@savednarrator=\count450
\c@execproducer=\count451
\c@savedexecproducer=\count452
\c@execdirector=\count453
\c@savedexecdirector=\count454
\c@with=\count455
\c@savedwith=\count456
\c@labelname=\count457
\c@savedlabelname=\count458
\c@institution=\count459
\c@savedinstitution=\count460
\c@lista=\count461
\c@savedlista=\count462
\c@listb=\count463
\c@savedlistb=\count464
\c@listc=\count465
\c@savedlistc=\count466
\c@listd=\count467
\c@savedlistd=\count468
\c@liste=\count469
\c@savedliste=\count470
\c@listf=\count471
\c@savedlistf=\count472
\c@location=\count473
\c@savedlocation=\count474
\c@organization=\count475
\c@savedorganization=\count476
\c@origlocation=\count477
\c@savedoriglocation=\count478
\c@origpublisher=\count479
\c@savedorigpublisher=\count480
\c@publisher=\count481
\c@savedpublisher=\count482
\c@language=\count483
\c@savedlanguage=\count484
\c@origlanguage=\count485
\c@savedoriglanguage=\count486
\c@citation=\count487
\c@savedcitation=\count488
\c@pageref=\count489
\c@savedpageref=\count490
\shorthandwidth=\skip161
\shortjournalwidth=\skip162
\shortserieswidth=\skip163
\shorttitlewidth=\skip164
\shortauthorwidth=\skip165
\shorteditorwidth=\skip166
\locallabelnumberwidth=\skip167
\locallabelalphawidth=\skip168
\localshorthandwidth=\skip169
\localshortjournalwidth=\skip170
\localshortserieswidth=\skip171
\localshorttitlewidth=\skip172
\localshortauthorwidth=\skip173
\localshorteditorwidth=\skip174
Package biblatex Info: Trying to load compatibility code...
Package biblatex Info: ... file 'blx-compat.def' found.
(/usr/local/texlive/2022/texmf-dist/tex/latex/biblatex/blx-compat.def
File: blx-compat.def 2022/02/02 v3.17 biblatex compatibility (PK/MW)
)
Package biblatex Info: Trying to load generic definitions...
Package biblatex Info: ... file 'biblatex.def' found.
(/usr/local/texlive/2022/texmf-dist/tex/latex/biblatex/biblatex.def
File: biblatex.def 2022/02/02 v3.17 biblatex compatibility (PK/MW)
\c@textcitecount=\count491
\c@textcitetotal=\count492
\c@textcitemaxnames=\count493
\c@biburlbigbreakpenalty=\count494
\c@biburlbreakpenalty=\count495
\c@biburlnumpenalty=\count496
\c@biburlucpenalty=\count497
\c@biburllcpenalty=\count498
\biburlbigskip=\muskip18
\biburlnumskip=\muskip19
\biburlucskip=\muskip20
\biburllcskip=\muskip21
\c@smartand=\count499
)
Package biblatex Info: Trying to load bibliography style 'apa'...
Package biblatex Info: ... file 'apa.bbx' found.
(/usr/local/texlive/2022/texmf-dist/tex/latex/biblatex-apa/apa.bbx
File: apa.bbx 2021/12/24 v9.15 APA biblatex references style
Package biblatex Info: Trying to load bibliography style 'standard'...
Package biblatex Info: ... file 'standard.bbx' found.
(/usr/local/texlive/2022/texmf-dist/tex/latex/biblatex/bbx/standard.bbx
File: standard.bbx 2022/02/02 v3.17 biblatex bibliography style (PK/MW)
\c@bbx:relatedcount=\count500
\c@bbx:relatedtotal=\count501
)
Package biblatex Info: Delimiter 'nameyeardelim' in context 'bib' already defin
ed, overwriting.
Package biblatex Info: Delimiter 'nameyeardelim' in context 'biblist' already d
efined, overwriting.

Package biblatex Warning: The starred command '\DeclareDelimAlias*' is
(biblatex)                deprecated.
(biblatex)                Use the unstarred version '\DeclareDelimAlias'
(biblatex)                instead.

Package biblatex Info: Delimiter 'nonameyeardelim' in context 'bib' already def
ined, overwriting.
Package biblatex Info: Delimiter 'nonameyeardelim' in context 'biblist' already
 defined, overwriting.
)
Package biblatex Info: Trying to load citation style 'apa'...
Package biblatex Info: ... file 'apa.cbx' found.
(/usr/local/texlive/2022/texmf-dist/tex/latex/biblatex-apa/apa.cbx
File: apa.cbx 2021/12/24 v9.15 APA biblatex citation style
Package biblatex Info: Delimiter 'nameyeardelim' in context '' already defined,
 overwriting.
Package biblatex Info: Delimiter 'andothersdelim' in context '' already defined
, overwriting.
Package biblatex Info: Redefining '\fullcite'.
Package biblatex Info: Redefining '\citeauthor'.
Package biblatex Info: Redefining '\citeyear'.
Package biblatex Info: Redefining '\cite'.
Package biblatex Info: Redefining '\cites'.
Package biblatex Info: Redefining '\parencite'.
Package biblatex Info: Redefining '\parencites'.
Package biblatex Info: Redefining '\footcite'.
Package biblatex Info: Redefining '\footcites'.
Package biblatex Info: Redefining '\footcitetext'.
Package biblatex Info: Redefining '\footcitetexts'.
Package biblatex Info: Redefining '\smartcite'.
Package biblatex Info: Redefining '\smartcites'.
Package biblatex Info: Redefining '\textcite'.
Package biblatex Info: Redefining '\textcites'.
)
Package biblatex Info: Trying to load configuration file...
Package biblatex Info: ... file 'biblatex.cfg' found.
(/usr/local/texlive/2022/texmf-dist/tex/latex/biblatex/biblatex.cfg
File: biblatex.cfg 
)
Package biblatex Info: Input encoding 'utf8' detected.
Package biblatex Info: Document encoding is UTF8 ....
Package biblatex Info: ... and expl3
(biblatex)             2022-02-24 L3 programming layer (loader) 
(biblatex)             is new enough (at least 2020/04/06),
(biblatex)             setting 'casechanger=expl3'.
(/usr/local/texlive/2022/texmf-dist/tex/latex/biblatex/blx-case-expl3.sty
Package: blx-case-expl3 2022/02/02 v3.17 expl3 case changing code for biblatex
))
Package hyperref Info: Option `bookmarksopen' set `true' on input line 582.

Package hyperref Warning: Option `backref' has already been used,
(hyperref)                setting the option has no effect on input line 582.

(/usr/local/texlive/2022/texmf-dist/tex/latex/hypernat/hypernat.sty
Package: hypernat 2001/07/09 v1.0b hyperref and natbib compatibility (jb)
)
Package hyperref Info: Option `bookmarksopen' set `true' on input line 599.
Package hyperref Info: Option `hypertexnames' set `true' on input line 599.
Package hyperref Info: Option `colorlinks' set `true' on input line 599.
Package hyperref Info: Option `breaklinks' set `true' on input line 599.

Package hyperref Warning: Option `backref' has already been used,
(hyperref)                setting the option has no effect on input line 599.

\c@theorem=\count502
\c@example=\count503

(/usr/local/texlive/2022/texmf-dist/tex/latex/threeparttablex/threeparttablex.s
ty
Package: threeparttablex 2013/07/23 v0.3 by daleif
(/usr/local/texlive/2022/texmf-dist/tex/latex/environ/environ.sty
Package: environ 2014/05/04 v0.3 A new way to define environments
(/usr/local/texlive/2022/texmf-dist/tex/latex/trimspaces/trimspaces.sty
Package: trimspaces 2009/09/17 v1.1 Trim spaces around a token list
))
\TPTL@width=\skip175
) (/usr/local/texlive/2022/texmf-dist/tex/latex/xcolor/xcolor.sty
Package: xcolor 2021/10/31 v2.13 LaTeX color extensions (UK)
(/usr/local/texlive/2022/texmf-dist/tex/latex/graphics-cfg/color.cfg
File: color.cfg 2016/01/02 v1.6 sample color configuration
)
Package xcolor Info: Driver file: pdftex.def on input line 227.
LaTeX Info: Redefining \color on input line 711.
Package xcolor Info: Model `cmy' substituted by `cmy0' on input line 1352.
Package xcolor Info: Model `hsb' substituted by `rgb' on input line 1356.
Package xcolor Info: Model `RGB' extended on input line 1368.
Package xcolor Info: Model `HTML' substituted by `rgb' on input line 1370.
Package xcolor Info: Model `Hsb' substituted by `hsb' on input line 1371.
Package xcolor Info: Model `tHsb' substituted by `hsb' on input line 1372.
Package xcolor Info: Model `HSB' substituted by `hsb' on input line 1373.
Package xcolor Info: Model `Gray' substituted by `gray' on input line 1374.
Package xcolor Info: Model `wave' substituted by `hsb' on input line 1375.
)
\@quotelevel=\count504
\@quotereset=\count505
LaTeX Font Info:    Trying to load font information for OT1+lmr on input line 6
31.
(/usr/local/texlive/2022/texmf-dist/tex/latex/lm/ot1lmr.fd
File: ot1lmr.fd 2015/05/01 v1.6.1 Font defs for Latin Modern
) (./thesis.aux

LaTeX Warning: Label `eq:middle' multiply defined.


LaTeX Warning: Label `fig:exp1_plot_equal_app' multiply defined.


LaTeX Warning: Label `fig:exp1_plot_equal_app' multiply defined.


LaTeX Warning: Label `fig:exp1_plot_equal_app' multiply defined.


LaTeX Warning: Label `fig:exp1_plot_equal_app' multiply defined.


LaTeX Warning: Label `fig:exp1_plot_equal_app' multiply defined.


LaTeX Warning: Label `fig:exp1_plot_equal_app' multiply defined.


LaTeX Warning: Label `fig:exp1_plot_equal_app' multiply defined.


LaTeX Warning: Label `fig:exp2_plot_equal_app' multiply defined.


LaTeX Warning: Label `fig:exp2_plot_time_inc_app' multiply defined.


LaTeX Warning: Label `fig:exp2_plot_time_dec_app' multiply defined.


LaTeX Warning: Label `fig:exp2_plot_mid_ext_app' multiply defined.


LaTeX Warning: Label `fig:exp3_plot_days_time_struc_app' multiply defined.


LaTeX Warning: Label `fig:exp3_plot_days_fast_app' multiply defined.


LaTeX Warning: Label `fig:exp3_plot_days_slow_app' multiply defined.


LaTeX Warning: Label `fig:exp3_plot_days_def_app' multiply defined.


LaTeX Warning: Label `tab:param-exp-3' multiply defined.

)
\openout1 = `thesis.aux'.

LaTeX Font Info:    Checking defaults for OML/cmm/m/it on input line 631.
LaTeX Font Info:    ... okay on input line 631.
LaTeX Font Info:    Checking defaults for OMS/cmsy/m/n on input line 631.
LaTeX Font Info:    ... okay on input line 631.
LaTeX Font Info:    Checking defaults for OT1/cmr/m/n on input line 631.
LaTeX Font Info:    ... okay on input line 631.
LaTeX Font Info:    Checking defaults for T1/cmr/m/n on input line 631.
LaTeX Font Info:    ... okay on input line 631.
LaTeX Font Info:    Checking defaults for TS1/cmr/m/n on input line 631.
LaTeX Font Info:    ... okay on input line 631.
LaTeX Font Info:    Checking defaults for OMX/cmex/m/n on input line 631.
LaTeX Font Info:    ... okay on input line 631.
LaTeX Font Info:    Checking defaults for U/cmr/m/n on input line 631.
LaTeX Font Info:    ... okay on input line 631.
LaTeX Font Info:    Checking defaults for PD1/pdf/m/n on input line 631.
LaTeX Font Info:    ... okay on input line 631.
LaTeX Font Info:    Checking defaults for PU/pdf/m/n on input line 631.
LaTeX Font Info:    ... okay on input line 631.
Package caption Info: Begin \AtBeginDocument code.
Package caption Info: float package is loaded.
Package caption Info: hyperref package is loaded.
Package caption Info: longtable package is loaded.
(/usr/local/texlive/2022/texmf-dist/tex/latex/caption/ltcaption.sty
Package: ltcaption 2021/01/08 v1.4c longtable captions (AR)
)
Package caption Info: rotating package is loaded.
Package caption Info: threeparttable package is loaded.
Package caption Info: wrapfig package is loaded.
Package caption Info: End \AtBeginDocument code.
(/usr/local/texlive/2022/texmf-dist/tex/context/base/mkii/supp-pdf.mkii
[Loading MPS to PDF converter (version 2006.09.02).]
\scratchcounter=\count506
\scratchdimen=\dimen304
\scratchbox=\box128
\nofMPsegments=\count507
\nofMParguments=\count508
\everyMPshowfont=\toks55
\MPscratchCnt=\count509
\MPscratchDim=\dimen305
\MPnumerator=\count510
\makeMPintoPDFobject=\count511
\everyMPtoPDFconversion=\toks56
) (/usr/local/texlive/2022/texmf-dist/tex/latex/epstopdf-pkg/epstopdf-base.sty
Package: epstopdf-base 2020-01-24 v2.11 Base part for package epstopdf
Package epstopdf-base Info: Redefining graphics rule for `.eps' on input line 4
85.
(/usr/local/texlive/2022/texmf-dist/tex/latex/latexconfig/epstopdf-sys.cfg
File: epstopdf-sys.cfg 2010/07/13 v1.3 Configuration of (r)epstopdf for TeX Liv
e
))
*geometry* driver: auto-detecting
*geometry* detected driver: pdftex
*geometry* verbose mode - [ preamble ] result:
* driver: pdftex
* paper: a4paper
* layout: <same size as paper>
* layoutoffset:(h,v)=(0.0pt,0.0pt)
* modes: twoside 
* h-part:(L,W,R)=(72.2698pt, 452.96826pt, 72.2698pt)
* v-part:(T,H,B)=(72.2698pt, 672.05447pt, 100.72256pt)
* \paperwidth=597.50787pt
* \paperheight=845.04684pt
* \textwidth=452.96826pt
* \textheight=672.05447pt
* \oddsidemargin=-0.00018pt
* \evensidemargin=-0.00018pt
* \topmargin=-35.623pt
* \headheight=0.0pt
* \headsep=35.62282pt
* \topskip=12.0pt
* \footskip=28.45274pt
* \marginparwidth=98.0pt
* \marginparsep=7.0pt
* \columnsep=10.0pt
* \skip\footins=28.45274pt
* \hoffset=0.0pt
* \voffset=0.0pt
* \mag=1000
* \@twocolumnfalse
* \@twosidetrue
* \@mparswitchtrue
* \@reversemarginfalse
* (1in=72.27pt=25.4mm, 1cm=28.453pt)

Package hyperref Info: Link coloring ON on input line 631.
(/usr/local/texlive/2022/texmf-dist/tex/latex/hyperref/nameref.sty
Package: nameref 2021-04-02 v2.47 Cross-referencing by name of section
(/usr/local/texlive/2022/texmf-dist/tex/latex/refcount/refcount.sty
Package: refcount 2019/12/15 v3.6 Data extraction from label references (HO)
)
(/usr/local/texlive/2022/texmf-dist/tex/generic/gettitlestring/gettitlestring.s
ty
Package: gettitlestring 2019/12/15 v1.6 Cleanup title references (HO)
)
\c@section@level=\count512
)
LaTeX Info: Redefining \ref on input line 631.
LaTeX Info: Redefining \pageref on input line 631.
LaTeX Info: Redefining \nameref on input line 631.
(./thesis.out) (./thesis.out)
\@outlinefile=\write5
\openout5 = `thesis.out'.

Package biblatex Info: Trying to load language 'english' -> 'english-apa'...
Package biblatex Info: ... file 'english-apa.lbx' found.
(/usr/local/texlive/2022/texmf-dist/tex/latex/biblatex-apa/english-apa.lbx
File: english-apa.lbx 2021/12/24 v9.15 APA biblatex localisation
Package biblatex Info: Trying to load language 'english'...
Package biblatex Info: ... file 'english.lbx' found.
(/usr/local/texlive/2022/texmf-dist/tex/latex/biblatex/lbx/english.lbx
File: english.lbx 2022/02/02 v3.17 biblatex localization (PK/MW)
)
Package biblatex Info: Trying to load language 'american' -> 'american-apa'...
Package biblatex Info: ... file 'american-apa.lbx' found.
(/usr/local/texlive/2022/texmf-dist/tex/latex/biblatex-apa/american-apa.lbx
File: american-apa.lbx 2021/12/24 v9.15 APA biblatex localisation
Package biblatex Info: Trying to load language 'american'...
Package biblatex Info: ... file 'american.lbx' found.
(/usr/local/texlive/2022/texmf-dist/tex/latex/biblatex/lbx/american.lbx
File: american.lbx 2022/02/02 v3.17 biblatex localization (PK/MW)
Package biblatex Info: Trying to load language 'english'...
Package biblatex Info: ... file 'english.lbx' found.
(/usr/local/texlive/2022/texmf-dist/tex/latex/biblatex/lbx/english.lbx
File: english.lbx 2022/02/02 v3.17 biblatex localization (PK/MW)
))))
Package biblatex Info: Input encoding 'utf8' detected.
Package biblatex Info: Automatic encoding selection.
(biblatex)             Assuming data encoding 'utf8'.
\openout4 = `thesis.bcf'.

Package biblatex Info: Trying to load bibliographic data...
Package biblatex Info: ... file 'thesis.bbl' found.
(./thesis.bbl)
Package biblatex Info: Reference section=0 on input line 631.
Package biblatex Info: Reference segment=0 on input line 631.
*geometry* verbose mode - [ newgeometry ] result:
* driver: pdftex
* paper: a4paper
* layout: <same size as paper>
* layoutoffset:(h,v)=(0.0pt,0.0pt)
* modes: twoside 
* h-part:(L,W,R)=(71.70107pt, 454.10574pt, 71.70107pt)
* v-part:(T,H,B)=(71.70107pt, 701.64471pt, 71.70107pt)
* \paperwidth=597.50787pt
* \paperheight=845.04684pt
* \textwidth=454.10574pt
* \textheight=701.64471pt
* \oddsidemargin=-0.56892pt
* \evensidemargin=-0.56892pt
* \topmargin=-36.19174pt
* \headheight=0.0pt
* \headsep=35.62282pt
* \topskip=12.0pt
* \footskip=28.45274pt
* \marginparwidth=98.0pt
* \marginparsep=7.0pt
* \columnsep=10.0pt
* \skip\footins=28.45274pt
* \hoffset=0.0pt
* \voffset=0.0pt
* \mag=1000
* \@twocolumnfalse
* \@twosidetrue
* \@mparswitchtrue
* \@reversemarginfalse
* (1in=72.27pt=25.4mm, 1cm=28.453pt)

LaTeX Font Info:    Trying to load font information for TS1+lmr on input line 6
35.
(/usr/local/texlive/2022/texmf-dist/tex/latex/lm/ts1lmr.fd
File: ts1lmr.fd 2015/05/01 v1.6.1 Font defs for Latin Modern
) [1{/usr/local/texlive/2022/texmf-var/fonts/map/pdftex/updmap/pdftex.map}




]

Package hyperref Warning: Token not allowed in a PDF string (Unicode):
(hyperref)                removing `\titlecap' on input line 640.

LaTeX Font Info:    Trying to load font information for OML+lmm on input line 6
40.
(/usr/local/texlive/2022/texmf-dist/tex/latex/lm/omllmm.fd
File: omllmm.fd 2015/05/01 v1.6.1 Font defs for Latin Modern
)
LaTeX Font Info:    Trying to load font information for OMS+lmsy on input line 
640.
(/usr/local/texlive/2022/texmf-dist/tex/latex/lm/omslmsy.fd
File: omslmsy.fd 2015/05/01 v1.6.1 Font defs for Latin Modern
)
LaTeX Font Info:    Trying to load font information for OMX+lmex on input line 
640.
(/usr/local/texlive/2022/texmf-dist/tex/latex/lm/omxlmex.fd
File: omxlmex.fd 2015/05/01 v1.6.1 Font defs for Latin Modern
)
LaTeX Font Info:    External font `lmex10' loaded for size
(Font)              <12> on input line 640.
LaTeX Font Info:    External font `lmex10' loaded for size
(Font)              <8> on input line 640.
LaTeX Font Info:    External font `lmex10' loaded for size
(Font)              <6> on input line 640.
LaTeX Font Info:    Trying to load font information for U+lasy on input line 64
0.
(/usr/local/texlive/2022/texmf-dist/tex/latex/base/ulasy.fd
File: ulasy.fd 1998/08/17 v2.2e LaTeX symbol font definitions
)
LaTeX Font Info:    Trying to load font information for U+msa on input line 640
.
(/usr/local/texlive/2022/texmf-dist/tex/latex/amsfonts/umsa.fd
File: umsa.fd 2013/01/14 v3.01 AMS symbols A
)
LaTeX Font Info:    Trying to load font information for U+msb on input line 640
.
(/usr/local/texlive/2022/texmf-dist/tex/latex/amsfonts/umsb.fd
File: umsb.fd 2013/01/14 v3.01 AMS symbols B
) [2



] [3]

Package hyperref Warning: Token not allowed in a PDF string (Unicode):
(hyperref)                removing `\titlecap' on input line 645.


Package fancyhdr Warning: \headheight is too small (0.0pt): 
(fancyhdr)                Make it at least 14.49998pt, for example:
(fancyhdr)                \setlength{\headheight}{14.49998pt}.
(fancyhdr)                You might also make \topmargin smaller to compensate:

(fancyhdr)                \addtolength{\topmargin}{-14.49998pt}.

[4



]

Package hyperref Warning: Token not allowed in a PDF string (Unicode):
(hyperref)                removing `\titlecap' on input line 650.


Package fancyhdr Warning: \headheight is too small (0.0pt): 
(fancyhdr)                Make it at least 14.49998pt, for example:
(fancyhdr)                \setlength{\headheight}{14.49998pt}.
(fancyhdr)                You might also make \topmargin smaller to compensate:

(fancyhdr)                \addtolength{\topmargin}{-14.49998pt}.

[5

] (./thesis.toc

Package fancyhdr Warning: \headheight is too small (0.0pt): 
(fancyhdr)                Make it at least 14.49998pt, for example:
(fancyhdr)                \setlength{\headheight}{14.49998pt}.
(fancyhdr)                You might also make \topmargin smaller to compensate:

(fancyhdr)                \addtolength{\topmargin}{-14.49998pt}.

[6

]
Overfull \hbox (0.76242pt too wide) in paragraph at lines 36--36
 [][] [][][]\OT1/lmr/m/n/12 Population Val-ues Set for The Fixed-Effect Days- 
 []


Package fancyhdr Warning: \headheight is too small (0.0pt): 
(fancyhdr)                Make it at least 14.49998pt, for example:
(fancyhdr)                \setlength{\headheight}{14.49998pt}.
(fancyhdr)                You might also make \topmargin smaller to compensate:

(fancyhdr)                \addtolength{\topmargin}{-14.49998pt}.

[7]

Package fancyhdr Warning: \headheight is too small (0.0pt): 
(fancyhdr)                Make it at least 14.49998pt, for example:
(fancyhdr)                \setlength{\headheight}{14.49998pt}.
(fancyhdr)                You might also make \topmargin smaller to compensate:

(fancyhdr)                \addtolength{\topmargin}{-14.49998pt}.

[8]

Package fancyhdr Warning: \headheight is too small (0.0pt): 
(fancyhdr)                Make it at least 14.49998pt, for example:
(fancyhdr)                \setlength{\headheight}{14.49998pt}.
(fancyhdr)                You might also make \topmargin smaller to compensate:

(fancyhdr)                \addtolength{\topmargin}{-14.49998pt}.

[9]

Package fancyhdr Warning: \headheight is too small (0.0pt): 
(fancyhdr)                Make it at least 14.49998pt, for example:
(fancyhdr)                \setlength{\headheight}{14.49998pt}.
(fancyhdr)                You might also make \topmargin smaller to compensate:

(fancyhdr)                \addtolength{\topmargin}{-14.49998pt}.

[10])
\tf@toc=\write6
\openout6 = `thesis.toc'.


Package fancyhdr Warning: \headheight is too small (0.0pt): 
(fancyhdr)                Make it at least 14.49998pt, for example:
(fancyhdr)                \setlength{\headheight}{14.49998pt}.
(fancyhdr)                You might also make \topmargin smaller to compensate:

(fancyhdr)                \addtolength{\topmargin}{-14.49998pt}.

[11] (./thesis.lot)
\tf@lot=\write7
\openout7 = `thesis.lot'.


Package fancyhdr Warning: \headheight is too small (0.0pt): 
(fancyhdr)                Make it at least 14.49998pt, for example:
(fancyhdr)                \setlength{\headheight}{14.49998pt}.
(fancyhdr)                You might also make \topmargin smaller to compensate:

(fancyhdr)                \addtolength{\topmargin}{-14.49998pt}.

[12

] (./thesis.lof
Overfull \hbox (11.14032pt too wide) in paragraph at lines 4--4
 [][] [][][]\OT1/lmr/m/n/12 Procedure for Com-put-ing Mea-sure-ment Sched-ules 
With Middle-and-Extreme 
 []

)
\tf@lof=\write8
\openout8 = `thesis.lof'.


Package fancyhdr Warning: \headheight is too small (0.0pt): 
(fancyhdr)                Make it at least 14.49998pt, for example:
(fancyhdr)                \setlength{\headheight}{14.49998pt}.
(fancyhdr)                You might also make \topmargin smaller to compensate:

(fancyhdr)                \addtolength{\topmargin}{-14.49998pt}.

[13

]

Package fancyhdr Warning: \headheight is too small (0.0pt): 
(fancyhdr)                Make it at least 14.49998pt, for example:
(fancyhdr)                \setlength{\headheight}{14.49998pt}.
(fancyhdr)                You might also make \topmargin smaller to compensate:

(fancyhdr)                \addtolength{\topmargin}{-14.49998pt}.

[14] (./thesis.loa
Overfull \hbox (2.70284pt too wide) in paragraph at lines 3--3
 [][] [][]\OT1/lmr/m/n/12 Ap-pendix C: Pro-ce-dure for Gen-er-at-ing Mea-sure-m
ent Sched-ules Mea-sure-ment Sched- 
 []


Overfull \hbox (1.66823pt too wide) in paragraph at lines 8--8
 [][] [][]\OT1/lmr/m/n/12 Ap-pendix D: Us-ing Non-lin-ear Func-tion in the Stru
c-tural Equa-tion Mod-elling Frame- 
 []


Package fancyhdr Warning: \headheight is too small (0.0pt): 
(fancyhdr)                Make it at least 14.49998pt, for example:
(fancyhdr)                \setlength{\headheight}{14.49998pt}.
(fancyhdr)                You might also make \topmargin smaller to compensate:

(fancyhdr)                \addtolength{\topmargin}{-14.49998pt}.

[15

])
\tf@loa=\write9
\openout9 = `thesis.loa'.


Package fancyhdr Warning: \headheight is too small (0.0pt): 
(fancyhdr)                Make it at least 14.49998pt, for example:
(fancyhdr)                \setlength{\headheight}{14.49998pt}.
(fancyhdr)                You might also make \topmargin smaller to compensate:

(fancyhdr)                \addtolength{\topmargin}{-14.49998pt}.

[16]

Package hyperref Warning: Option `pdfpagemode' has already been used,
(hyperref)                setting the option has no effect on input line 690.

Package hyperref Info: Option `bookmarksopen' set `true' on input line 690.
Package hyperref Info: Option `hypertexnames' set `true' on input line 690.

Package hyperref Warning: Option `colorlinks' has already been used,
(hyperref)                setting the option has no effect on input line 690.


Package hyperref Warning: Option `pdfstartview' has already been used,
(hyperref)                setting the option has no effect on input line 690.

Package hyperref Info: Option `breaklinks' set `true' on input line 690.

Package hyperref Warning: Option `hyperindex' has already been used,
(hyperref)                setting the option has no effect on input line 690.


Package hyperref Warning: Option `backref' has already been used,
(hyperref)                setting the option has no effect on input line 690.

[1


] [2] [3]
Overfull \vbox (1066.15407pt too high) has occurred while \output is active []

[4] [5]
Overfull \vbox (640.00874pt too high) has occurred while \output is active []

[6]

Package hyperref Warning: Difference (2) between bookmark levels is greater 
(hyperref)                than one, level fixed on input line 1079.


Package hyperref Warning: Difference (2) between bookmark levels is greater 
(hyperref)                than one, level fixed on input line 1100.

[7]
Overfull \vbox (603.47241pt too high) has occurred while \output is active []

[8] [9] [10] [11] [12] [13] [14] [15]
LaTeX Font Info:    External font `lmex10' loaded for size
(Font)              <10> on input line 1229.
LaTeX Font Info:    External font `lmex10' loaded for size
(Font)              <7> on input line 1229.
LaTeX Font Info:    External font `lmex10' loaded for size
(Font)              <5> on input line 1229.

Overfull \vbox (2.13158pt too high) has occurred while \output is active []

[16] [17] [18]
LaTeX Font Info:    Trying to load font information for OT1+lmtt on input line 
1241.
(/usr/local/texlive/2022/texmf-dist/tex/latex/lm/ot1lmtt.fd
File: ot1lmtt.fd 2015/05/01 v1.6.1 Font defs for Latin Modern
)

Package caption Warning: \captionsetup{type*=...} or \captionof
(caption)                outside box or environment on input line 1243.
See the caption package documentation for explanation.


Package caption Warning: The option `hypcap=true' will be ignored for this
(caption)                particular \caption on input line 1243.
See the caption package documentation for explanation.

Package hyperref Info: bookmark level for unknown chunk defaults to 0 on input 
line 1243.
LaTeX Font Info:    Trying to load font information for OT1+phv on input line 1
243.
(/usr/local/texlive/2022/texmf-dist/tex/latex/psnfss/ot1phv.fd
File: ot1phv.fd 2020/03/25 scalable font definitions for OT1/phv.
)
LaTeX Font Info:    Font shape `OT1/phv/m/it' in size <11> not available
(Font)              Font shape `OT1/phv/m/sl' tried instead on input line 1243.

[19]
LaTeX Font Info:    Font shape `OT1/lmtt/bx/n' in size <10> not available
(Font)              Font shape `OT1/lmtt/b/n' tried instead on input line 1246.

LaTeX Font Info:    Trying to load font information for TS1+lmtt on input line 
1246.
(/usr/local/texlive/2022/texmf-dist/tex/latex/lm/ts1lmtt.fd
File: ts1lmtt.fd 2015/05/01 v1.6.1 Font defs for Latin Modern
)
LaTeX Font Info:    Trying to load font information for OML+lmtt on input line 
1249.
LaTeX Font Info:    No file OMLlmtt.fd. on input line 1249.

LaTeX Font Warning: Font shape `OML/lmtt/m/n' undefined
(Font)              using `OML/cmm/m/it' instead
(Font)              for symbol `textless' on input line 1249.

LaTeX Font Info:    Font shape `OT1/lmtt/bx/n' in size <8> not available
(Font)              Font shape `OT1/lmtt/b/n' tried instead on input line 1259.


Underfull \vbox (badness 10000) detected at line 1339
 []


Overfull \vbox (8.2965pt too high) detected at line 1339
 []

[20] [21] [22]
<Figures/equal_spacing_schedule.png, id=1712, 695.59875pt x 389.455pt>
File: Figures/equal_spacing_schedule.png Graphic file (type png)
<use Figures/equal_spacing_schedule.png>
Package pdftex.def Info: Figures/equal_spacing_schedule.png  used on input line
 1380.
(pdftex.def)             Requested size: 626.0331pt x 350.50626pt.
LaTeX Font Info:    Font shape `OT1/phv/m/it' in size <9.5> not available
(Font)              Font shape `OT1/phv/m/sl' tried instead on input line 1380.

LaTeX Font Info:    Calculating math sizes for size <9.5> on input line 1380.
LaTeX Font Info:    External font `lmex10' loaded for size
(Font)              <9.5> on input line 1380.
LaTeX Font Info:    External font `lmex10' loaded for size
(Font)              <6.64996> on input line 1380.
LaTeX Font Info:    External font `lmex10' loaded for size
(Font)              <4.75> on input line 1380.
[23

 <./Figures/equal_spacing_schedule.png>] [24

] [25]
<Figures/time_inc_schedule.png, id=1746, 804.00375pt x 510.90875pt>
File: Figures/time_inc_schedule.png Graphic file (type png)
<use Figures/time_inc_schedule.png>
Package pdftex.def Info: Figures/time_inc_schedule.png  used on input line 1439
.
(pdftex.def)             Requested size: 522.59625pt x 332.08675pt.
[26

 <./Figures/time_inc_schedule.png>] [27

]
<Figures/time_dec_schedule.png, id=1766, 811.03pt x 525.965pt>
File: Figures/time_dec_schedule.png Graphic file (type png)
<use Figures/time_dec_schedule.png>
Package pdftex.def Info: Figures/time_dec_schedule.png  used on input line 1476
.
(pdftex.def)             Requested size: 527.16325pt x 341.87318pt.
[28

 <./Figures/time_dec_schedule.png>] [29

] [30]
<Figures/mid_ext_schedule.png, id=1793, 843.15pt x 530.98375pt>
File: Figures/mid_ext_schedule.png Graphic file (type png)
<use Figures/mid_ext_schedule.png>
Package pdftex.def Info: Figures/mid_ext_schedule.png  used on input line 1536.

(pdftex.def)             Requested size: 548.041pt x 345.13533pt.
[31

 <./Figures/mid_ext_schedule.png>] [32] [33

]

LaTeX Warning: Reference `eq:logFunction-generation' on page 34 undefined on in
put line 1581.


LaTeX Warning: Reference `eq:logFunction-generation' on page 34 undefined on in
put line 1581.

[34] [35] [36] [37] [38] [39]
<Figures/taylor_vs_nonlin.pdf, id=1894, 650.43pt x 433.62pt>
File: Figures/taylor_vs_nonlin.pdf Graphic file (type pdf)
<use Figures/taylor_vs_nonlin.pdf>
Package pdftex.def Info: Figures/taylor_vs_nonlin.pdf  used on input line 1687.

(pdftex.def)             Requested size: 455.2979pt x 303.53192pt.

Overfull \hbox (2.32964pt too wide) in paragraph at lines 1687--1687
[][] 
 []

[40] [41 <./Figures/taylor_vs_nonlin.pdf>] [42] [43] [44] [45] [46] [47] [48] [
49]
Underfull \hbox (badness 1048) in paragraph at lines 1903--1904
\OT1/lmr/m/n/12 the \OT1/lmtt/m/n/12 run[]exp[]simulations() \OT1/lmr/m/n/12 an
d \OT1/lmtt/m/n/12 create[]logistic[]model[]ns() \OT1/lmr/m/n/12 func-tions fro
m the
 []

[50]

Package caption Warning: The option `hypcap=true' will be ignored for this
(caption)                particular \caption on input line 1905.
See the caption package documentation for explanation.


LaTeX Font Warning: Font shape `OML/lmtt/bx/n' undefined
(Font)              using `OML/cmm/m/it' instead
(Font)              for symbol `textgreater' on input line 1915.

LaTeX Font Info:    Trying to load font information for OMS+lmtt on input line 
1919.
LaTeX Font Info:    No file OMSlmtt.fd. on input line 1919.

LaTeX Font Warning: Font shape `OMS/lmtt/bx/n' undefined
(Font)              using `OMS/cmsy/m/n' instead
(Font)              for symbol `textbackslash' on input line 1919.


Underfull \vbox (badness 10000) detected at line 2006
 []

[51]
<Figures/exp1_plot_days_equal spacing.pdf, id=2036, 2713.13625pt x 2740.2375pt>

File: Figures/exp1_plot_days_equal spacing.pdf Graphic file (type pdf)
<use Figures/exp1_plot_days_equal spacing.pdf>
Package pdftex.def Info: Figures/exp1_plot_days_equal spacing.pdf  used on inpu
t line 2021.
(pdftex.def)             Requested size: 434.11067pt x 438.44696pt.
[52]
<Figures/exp1_plot_likert_equal spacing.pdf, id=2043, 2793.43625pt x 3393.67876
pt>
File: Figures/exp1_plot_likert_equal spacing.pdf Graphic file (type pdf)
<use Figures/exp1_plot_likert_equal spacing.pdf>
Package pdftex.def Info: Figures/exp1_plot_likert_equal spacing.pdf  used on in
put line 2032.
(pdftex.def)             Requested size: 446.95894pt x 542.99971pt.
[53 <./Figures/exp1_plot_days_equal spacing.pdf>] [54 <./Figures/exp1_plot_like
rt_equal spacing.pdf>]
<Figures/exp1_plot_days_time-interval increasing.pdf, id=2081, 2713.13625pt x 2
740.2375pt>
File: Figures/exp1_plot_days_time-interval increasing.pdf Graphic file (type pd
f)
<use Figures/exp1_plot_days_time-interval increasing.pdf>
Package pdftex.def Info: Figures/exp1_plot_days_time-interval increasing.pdf  u
sed on input line 2044.
(pdftex.def)             Requested size: 434.11067pt x 438.44696pt.
[55]
<Figures/exp1_plot_likert_time-interval increasing.pdf, id=2088, 2793.43625pt x
 3393.67876pt>
File: Figures/exp1_plot_likert_time-interval increasing.pdf Graphic file (type 
pdf)
<use Figures/exp1_plot_likert_time-interval increasing.pdf>
Package pdftex.def Info: Figures/exp1_plot_likert_time-interval increasing.pdf 
 used on input line 2055.
(pdftex.def)             Requested size: 446.95894pt x 542.99971pt.
[56 <./Figures/exp1_plot_days_time-interval increasing.pdf>] [57 <./Figures/exp
1_plot_likert_time-interval increasing.pdf>]
<Figures/exp1_plot_days_time-interval decreasing.pdf, id=2125, 2713.13625pt x 2
740.2375pt>
File: Figures/exp1_plot_days_time-interval decreasing.pdf Graphic file (type pd
f)
<use Figures/exp1_plot_days_time-interval decreasing.pdf>
Package pdftex.def Info: Figures/exp1_plot_days_time-interval decreasing.pdf  u
sed on input line 2067.
(pdftex.def)             Requested size: 434.11067pt x 438.44696pt.
[58]
<Figures/exp1_plot_likert_time-interval decreasing.pdf, id=2132, 2793.43625pt x
 3393.67876pt>
File: Figures/exp1_plot_likert_time-interval decreasing.pdf Graphic file (type 
pdf)
<use Figures/exp1_plot_likert_time-interval decreasing.pdf>
Package pdftex.def Info: Figures/exp1_plot_likert_time-interval decreasing.pdf 
 used on input line 2078.
(pdftex.def)             Requested size: 446.95894pt x 542.99971pt.
[59 <./Figures/exp1_plot_days_time-interval decreasing.pdf>] [60 <./Figures/exp
1_plot_likert_time-interval decreasing.pdf>]
<Figures/exp1_plot_days_middle-and-extreme spacing.pdf, id=2169, 2713.13625pt x
 2740.2375pt>
File: Figures/exp1_plot_days_middle-and-extreme spacing.pdf Graphic file (type 
pdf)
<use Figures/exp1_plot_days_middle-and-extreme spacing.pdf>
Package pdftex.def Info: Figures/exp1_plot_days_middle-and-extreme spacing.pdf 
 used on input line 2090.
(pdftex.def)             Requested size: 434.11067pt x 438.44696pt.
[61]
<Figures/exp1_plot_likert_middle-and-extreme spacing.pdf, id=2176, 2793.43625pt
 x 3393.67876pt>
File: Figures/exp1_plot_likert_middle-and-extreme spacing.pdf Graphic file (typ
e pdf)
<use Figures/exp1_plot_likert_middle-and-extreme spacing.pdf>
Package pdftex.def Info: Figures/exp1_plot_likert_middle-and-extreme spacing.pd
f  used on input line 2101.
(pdftex.def)             Requested size: 446.95894pt x 542.99971pt.
[62 <./Figures/exp1_plot_days_middle-and-extreme spacing.pdf>] [63 <./Figures/e
xp1_plot_likert_middle-and-extreme spacing.pdf>]
<Figures/exp2_plot_days_equal spacing.pdf, id=2213, 2726.185pt x 2739.23375pt>
File: Figures/exp2_plot_days_equal spacing.pdf Graphic file (type pdf)
<use Figures/exp2_plot_days_equal spacing.pdf>
Package pdftex.def Info: Figures/exp2_plot_days_equal spacing.pdf  used on inpu
t line 2114.
(pdftex.def)             Requested size: 436.19852pt x 438.28636pt.
[64]
<Figures/exp2_plot_likert_equal spacing.pdf, id=2220, 2793.43625pt x 3392.675pt
>
File: Figures/exp2_plot_likert_equal spacing.pdf Graphic file (type pdf)
<use Figures/exp2_plot_likert_equal spacing.pdf>
Package pdftex.def Info: Figures/exp2_plot_likert_equal spacing.pdf  used on in
put line 2125.
(pdftex.def)             Requested size: 446.95894pt x 542.8391pt.
[65 <./Figures/exp2_plot_days_equal spacing.pdf>] [66 <./Figures/exp2_plot_like
rt_equal spacing.pdf>]
<Figures/exp2_plot_days_time-interval increasing.pdf, id=2259, 2726.185pt x 273
9.23375pt>
File: Figures/exp2_plot_days_time-interval increasing.pdf Graphic file (type pd
f)
<use Figures/exp2_plot_days_time-interval increasing.pdf>
Package pdftex.def Info: Figures/exp2_plot_days_time-interval increasing.pdf  u
sed on input line 2137.
(pdftex.def)             Requested size: 436.19852pt x 438.28636pt.
[67]
<Figures/exp2_plot_likert_time-interval increasing.pdf, id=2267, 2793.43625pt x
 3392.675pt>
File: Figures/exp2_plot_likert_time-interval increasing.pdf Graphic file (type 
pdf)
<use Figures/exp2_plot_likert_time-interval increasing.pdf>
Package pdftex.def Info: Figures/exp2_plot_likert_time-interval increasing.pdf 
 used on input line 2148.
(pdftex.def)             Requested size: 446.95894pt x 542.8391pt.
[68 <./Figures/exp2_plot_days_time-interval increasing.pdf>] [69 <./Figures/exp
2_plot_likert_time-interval increasing.pdf>]
<Figures/exp2_plot_days_time-interval decreasing.pdf, id=2306, 2726.185pt x 273
9.23375pt>
File: Figures/exp2_plot_days_time-interval decreasing.pdf Graphic file (type pd
f)
<use Figures/exp2_plot_days_time-interval decreasing.pdf>
Package pdftex.def Info: Figures/exp2_plot_days_time-interval decreasing.pdf  u
sed on input line 2160.
(pdftex.def)             Requested size: 436.19852pt x 438.28636pt.
[70]
File: Figures/exp1_plot_likert_time-interval decreasing.pdf Graphic file (type 
pdf)
<use Figures/exp1_plot_likert_time-interval decreasing.pdf>
Package pdftex.def Info: Figures/exp1_plot_likert_time-interval decreasing.pdf 
 used on input line 2171.
(pdftex.def)             Requested size: 446.95894pt x 542.99971pt.
[71 <./Figures/exp2_plot_days_time-interval decreasing.pdf>] [72]
<Figures/exp2_plot_days_middle-and-extreme spacing.pdf, id=2338, 2726.185pt x 2
739.23375pt>
File: Figures/exp2_plot_days_middle-and-extreme spacing.pdf Graphic file (type 
pdf)
<use Figures/exp2_plot_days_middle-and-extreme spacing.pdf>
Package pdftex.def Info: Figures/exp2_plot_days_middle-and-extreme spacing.pdf 
 used on input line 2183.
(pdftex.def)             Requested size: 436.19852pt x 438.28636pt.
[73]
<Figures/exp2_plot_likert_middle-and-extreme spacing.pdf, id=2345, 2793.43625pt
 x 3392.675pt>
File: Figures/exp2_plot_likert_middle-and-extreme spacing.pdf Graphic file (typ
e pdf)
<use Figures/exp2_plot_likert_middle-and-extreme spacing.pdf>
Package pdftex.def Info: Figures/exp2_plot_likert_middle-and-extreme spacing.pd
f  used on input line 2194.
(pdftex.def)             Requested size: 446.95894pt x 542.8391pt.
[74 <./Figures/exp2_plot_days_middle-and-extreme spacing.pdf>] [75 <./Figures/e
xp2_plot_likert_middle-and-extreme spacing.pdf>]
<Figures/exp3_plot_days_time structured.pdf, id=2385, 2726.185pt x 2739.23375pt
>
File: Figures/exp3_plot_days_time structured.pdf Graphic file (type pdf)
<use Figures/exp3_plot_days_time structured.pdf>
Package pdftex.def Info: Figures/exp3_plot_days_time structured.pdf  used on in
put line 2207.
(pdftex.def)             Requested size: 436.19852pt x 438.28636pt.
[76]
<Figures/exp3_plot_likert_time structured.pdf, id=2392, 2793.43625pt x 3392.675
pt>
File: Figures/exp3_plot_likert_time structured.pdf Graphic file (type pdf)
<use Figures/exp3_plot_likert_time structured.pdf>
Package pdftex.def Info: Figures/exp3_plot_likert_time structured.pdf  used on 
input line 2218.
(pdftex.def)             Requested size: 446.95894pt x 542.8391pt.
[77 <./Figures/exp3_plot_days_time structured.pdf>] [78 <./Figures/exp3_plot_li
kert_time structured.pdf>]
<Figures/exp3_plot_days_time unstructured (fast response).pdf, id=2431, 2726.18
5pt x 2739.23375pt>
File: Figures/exp3_plot_days_time unstructured (fast response).pdf Graphic file
 (type pdf)
<use Figures/exp3_plot_days_time unstructured (fast response).pdf>
Package pdftex.def Info: Figures/exp3_plot_days_time unstructured (fast respons
e).pdf  used on input line 2230.
(pdftex.def)             Requested size: 436.19852pt x 438.28636pt.
[79]
<Figures/exp3_plot_likert_time unstructured (fast response).pdf, id=2438, 2793.
43625pt x 3392.675pt>
File: Figures/exp3_plot_likert_time unstructured (fast response).pdf Graphic fi
le (type pdf)
<use Figures/exp3_plot_likert_time unstructured (fast response).pdf>
Package pdftex.def Info: Figures/exp3_plot_likert_time unstructured (fast respo
nse).pdf  used on input line 2241.
(pdftex.def)             Requested size: 446.95894pt x 542.8391pt.
[80 <./Figures/exp3_plot_days_time unstructured (fast response).pdf>] [81 <./Fi
gures/exp3_plot_likert_time unstructured (fast response).pdf>]
<Figures/exp3_plot_days_time unstructured (slow response).pdf, id=2477, 2726.18
5pt x 2739.23375pt>
File: Figures/exp3_plot_days_time unstructured (slow response).pdf Graphic file
 (type pdf)
<use Figures/exp3_plot_days_time unstructured (slow response).pdf>
Package pdftex.def Info: Figures/exp3_plot_days_time unstructured (slow respons
e).pdf  used on input line 2253.
(pdftex.def)             Requested size: 436.19852pt x 438.28636pt.
[82]
<Figures/exp3_plot_likert_time unstructured (slow response).pdf, id=2484, 2793.
43625pt x 3392.675pt>
File: Figures/exp3_plot_likert_time unstructured (slow response).pdf Graphic fi
le (type pdf)
<use Figures/exp3_plot_likert_time unstructured (slow response).pdf>
Package pdftex.def Info: Figures/exp3_plot_likert_time unstructured (slow respo
nse).pdf  used on input line 2264.
(pdftex.def)             Requested size: 446.95894pt x 542.8391pt.
[83 <./Figures/exp3_plot_days_time unstructured (slow response).pdf>] [84 <./Fi
gures/exp3_plot_likert_time unstructured (slow response).pdf>]
<Figures/exp3_defplot_days_time unstructured (slow response).pdf, id=2523, 2726
.185pt x 2739.23375pt>
File: Figures/exp3_defplot_days_time unstructured (slow response).pdf Graphic f
ile (type pdf)
<use Figures/exp3_defplot_days_time unstructured (slow response).pdf>
Package pdftex.def Info: Figures/exp3_defplot_days_time unstructured (slow resp
onse).pdf  used on input line 2276.
(pdftex.def)             Requested size: 449.80112pt x 451.95407pt.
[85]
<Figures/exp3_defplot_likert_time unstructured (slow response).pdf, id=2530, 27
93.43625pt x 3392.675pt>
File: Figures/exp3_defplot_likert_time unstructured (slow response).pdf Graphic
 file (type pdf)
<use Figures/exp3_defplot_likert_time unstructured (slow response).pdf>
Package pdftex.def Info: Figures/exp3_defplot_likert_time unstructured (slow re
sponse).pdf  used on input line 2287.
(pdftex.def)             Requested size: 460.8971pt x 559.76723pt.

Overfull \hbox (7.92883pt too wide) in paragraph at lines 2287--2287
[][] 
 []

[86 <./Figures/exp3_defplot_days_time unstructured (slow response).pdf>] [87 <.
/Figures/exp3_defplot_likert_time unstructured (slow response).pdf>]
LaTeX Font Info:    Calculating math sizes for size <10.5> on input line 2336.
LaTeX Font Info:    External font `lmex10' loaded for size
(Font)              <10.5> on input line 2336.
LaTeX Font Info:    External font `lmex10' loaded for size
(Font)              <7.34996> on input line 2336.
LaTeX Font Info:    External font `lmex10' loaded for size
(Font)              <5.25> on input line 2336.
LaTeX Font Info:    Font shape `OT1/phv/m/it' in size <10.5> not available
(Font)              Font shape `OT1/phv/m/sl' tried instead on input line 2336.

[88] [89] [90] [91]
*geometry* verbose mode - [ newgeometry ] result:
* driver: pdftex
* paper: a4paper
* layout: <same size as paper>
* layoutoffset:(h,v)=(0.0pt,0.0pt)
* modes: twoside 
* h-part:(L,W,R)=(72.2698pt, 452.96826pt, 72.2698pt)
* v-part:(T,H,B)=(72.2698pt, 700.50723pt, 72.2698pt)
* \paperwidth=597.50787pt
* \paperheight=845.04684pt
* \textwidth=452.96826pt
* \textheight=700.50723pt
* \oddsidemargin=-0.00018pt
* \evensidemargin=-0.00018pt
* \topmargin=-35.623pt
* \headheight=0.0pt
* \headsep=35.62282pt
* \topskip=12.0pt
* \footskip=28.45274pt
* \marginparwidth=98.0pt
* \marginparsep=7.0pt
* \columnsep=10.0pt
* \skip\footins=28.45274pt
* \hoffset=0.0pt
* \voffset=0.0pt
* \mag=1000
* \@twocolumnfalse
* \@twosidetrue
* \@mparswitchtrue
* \@reversemarginfalse
* (1in=72.27pt=25.4mm, 1cm=28.453pt)

[92


]
pdfTeX warning (ext4): destination with the same identifier (name{table.H.1}) h
as been already used, duplicate ignored
<to be read again> 
                   \relax 
l.2549 \end{longtable}
                       [93] [94]
*geometry* verbose mode - [ newgeometry ] result:
* driver: pdftex
* paper: a4paper
* layout: <same size as paper>
* layoutoffset:(h,v)=(0.0pt,0.0pt)
* modes: twoside 
* h-part:(L,W,R)=(72.2698pt, 452.96826pt, 72.2698pt)
* v-part:(T,H,B)=(72.2698pt, 700.50723pt, 72.2698pt)
* \paperwidth=597.50787pt
* \paperheight=845.04684pt
* \textwidth=452.96826pt
* \textheight=700.50723pt
* \oddsidemargin=-0.00018pt
* \evensidemargin=-0.00018pt
* \topmargin=-35.623pt
* \headheight=0.0pt
* \headsep=35.62282pt
* \topskip=12.0pt
* \footskip=28.45274pt
* \marginparwidth=98.0pt
* \marginparsep=7.0pt
* \columnsep=10.0pt
* \skip\footins=28.45274pt
* \hoffset=0.0pt
* \voffset=0.0pt
* \mag=1000
* \@twocolumnfalse
* \@twosidetrue
* \@mparswitchtrue
* \@reversemarginfalse
* (1in=72.27pt=25.4mm, 1cm=28.453pt)


Overfull \hbox (2.60944pt too wide) in alignment at lines 2562--2601
[] [] [] [] [] [] [] [] [] [] [] [] [] [] 
 []

[95




]
pdfTeX warning (ext4): destination with the same identifier (name{table.H.2}) h
as been already used, duplicate ignored
<to be read again> 
                   \relax 
l.2647 \end{longtable}
                       [96]
pdfTeX warning (ext4): destination with the same identifier (name{table.H.2}) h
as been already used, duplicate ignored
<to be read again> 
                   \relax 
l.2693 \end{longtable}
                       [97]
pdfTeX warning (ext4): destination with the same identifier (name{table.H.2}) h
as been already used, duplicate ignored
<to be read again> 
                   \relax 
l.2739 \end{longtable}
                       [98]
pdfTeX warning (ext4): destination with the same identifier (name{table.H.2}) h
as been already used, duplicate ignored
<to be read again> 
                   \relax 
l.2787 \end{longtable}
                       [99] [100]
*geometry* verbose mode - [ newgeometry ] result:
* driver: pdftex
* paper: a4paper
* layout: <same size as paper>
* layoutoffset:(h,v)=(0.0pt,0.0pt)
* modes: twoside 
* h-part:(L,W,R)=(72.2698pt, 452.96826pt, 72.2698pt)
* v-part:(T,H,B)=(72.2698pt, 700.50723pt, 72.2698pt)
* \paperwidth=597.50787pt
* \paperheight=845.04684pt
* \textwidth=452.96826pt
* \textheight=700.50723pt
* \oddsidemargin=-0.00018pt
* \evensidemargin=-0.00018pt
* \topmargin=-35.623pt
* \headheight=0.0pt
* \headsep=35.62282pt
* \topskip=12.0pt
* \footskip=28.45274pt
* \marginparwidth=98.0pt
* \marginparsep=7.0pt
* \columnsep=10.0pt
* \skip\footins=28.45274pt
* \hoffset=0.0pt
* \voffset=0.0pt
* \mag=1000
* \@twocolumnfalse
* \@twosidetrue
* \@mparswitchtrue
* \@reversemarginfalse
* (1in=72.27pt=25.4mm, 1cm=28.453pt)

[101




]
pdfTeX warning (ext4): destination with the same identifier (name{table.H.3}) h
as been already used, duplicate ignored
<to be read again> 
                   \relax 
l.2887 \end{longtable}
                       [102]
pdfTeX warning (ext4): destination with the same identifier (name{table.H.3}) h
as been already used, duplicate ignored
<to be read again> 
                   \relax 
l.2934 \end{longtable}
                       [103]
pdfTeX warning (ext4): destination with the same identifier (name{table.H.3}) h
as been already used, duplicate ignored
<to be read again> 
                   \relax 
l.2981 \end{longtable}
                       [104]
pdfTeX warning (ext4): destination with the same identifier (name{table.H.3}) h
as been already used, duplicate ignored
<to be read again> 
                   \relax 
l.3028 \end{longtable}
                       [105]
pdfTeX warning (ext4): destination with the same identifier (name{table.H.3}) h
as been already used, duplicate ignored
<to be read again> 
                   \relax 
l.3076 \end{longtable}
                       [106] [107]
LaTeX Font Info:    Calculating math sizes for size <11> on input line 3091.
LaTeX Font Info:    External font `lmex10' loaded for size
(Font)              <11> on input line 3091.
LaTeX Font Info:    External font `lmex10' loaded for size
(Font)              <7.69997> on input line 3091.
LaTeX Font Info:    External font `lmex10' loaded for size
(Font)              <5.5> on input line 3091.

LaTeX Warning: Reference `fig:exp1_plot_equal' on page 108 undefined on input l
ine 3097.


LaTeX Warning: Reference `fig:exp1_plot_time_inc' on page 108 undefined on inpu
t line 3097.


LaTeX Warning: Reference `fig:exp1_plot_time_dec' on page 108 undefined on inpu
t line 3097.


LaTeX Warning: Reference `fig:exp1_plot_time_mid_ext' on page 108 undefined on 
input line 3097.


LaTeX Warning: Reference `fig:exp1_plot_equal' on page 108 undefined on input l
ine 3098.


LaTeX Warning: Reference `fig:exp1_plot_time_inc' on page 108 undefined on inpu
t line 3098.


LaTeX Warning: Reference `fig:exp1_plot_time_dec' on page 108 undefined on inpu
t line 3098.


LaTeX Warning: Reference `fig:exp1_plot_time_mid_ext' on page 108 undefined on 
input line 3098.


LaTeX Warning: Reference `fig:exp1_plot_equal' on page 108 undefined on input l
ine 3099.


LaTeX Warning: Reference `fig:exp1_plot_time_inc' on page 108 undefined on inpu
t line 3099.


LaTeX Warning: Reference `fig:exp1_plot_time_dec' on page 108 undefined on inpu
t line 3099.


LaTeX Warning: Reference `fig:exp1_plot_time_mid_ext' on page 108 undefined on 
input line 3099.


LaTeX Warning: Reference `fig:exp1_plot_equal' on page 108 undefined on input l
ine 3100.


LaTeX Warning: Reference `fig:exp1_plot_time_inc' on page 108 undefined on inpu
t line 3100.


LaTeX Warning: Reference `fig:exp1_plot_time_dec' on page 108 undefined on inpu
t line 3100.


LaTeX Warning: Reference `fig:exp1_plot_time_mid_ext' on page 108 undefined on 
input line 3100.

LaTeX Font Info:    Trying to load font information for OMS+phv on input line 3
102.
(/usr/local/texlive/2022/texmf-dist/tex/latex/psnfss/omsphv.fd
File: omsphv.fd 
)
LaTeX Font Info:    Font shape `OMS/phv/m/n' in size <10.5> not available
(Font)              Font shape `OMS/cmsy/m/n' tried instead on input line 3102.


LaTeX Warning: Reference `fig:exp2_plot_equal' on page 108 undefined on input l
ine 3119.


LaTeX Warning: Reference `fig:exp2_plot_time_inc' on page 108 undefined on inpu
t line 3119.


LaTeX Warning: Reference `fig:exp2_plot_time_dec' on page 108 undefined on inpu
t line 3119.


LaTeX Warning: Reference `fig:exp2_plot_mid_ext' on page 108 undefined on input
 line 3119.


LaTeX Warning: Reference `fig:exp2_plot_equal' on page 108 undefined on input l
ine 3120.


LaTeX Warning: Reference `fig:exp2_plot_time_inc' on page 108 undefined on inpu
t line 3120.


LaTeX Warning: Reference `fig:exp2_plot_time_dec' on page 108 undefined on inpu
t line 3120.


LaTeX Warning: Reference `fig:exp2_plot_mid_ext' on page 108 undefined on input
 line 3120.


LaTeX Warning: Reference `fig:exp2_plot_equal' on page 108 undefined on input l
ine 3121.


LaTeX Warning: Reference `fig:exp2_plot_time_inc' on page 108 undefined on inpu
t line 3121.


LaTeX Warning: Reference `fig:exp2_plot_time_dec' on page 108 undefined on inpu
t line 3121.


LaTeX Warning: Reference `fig:exp2_plot_mid_ext' on page 108 undefined on input
 line 3121.


LaTeX Warning: Reference `fig:exp2_plot_equal' on page 108 undefined on input l
ine 3122.


LaTeX Warning: Reference `fig:exp2_plot_time_inc' on page 108 undefined on inpu
t line 3122.


LaTeX Warning: Reference `fig:exp2_plot_time_dec' on page 108 undefined on inpu
t line 3122.


LaTeX Warning: Reference `fig:exp2_plot_mid_ext' on page 108 undefined on input
 line 3122.

[108



] [109]

LaTeX Warning: Reference `fig:exp3_plot_days_time_struc' on page 110 undefined 
on input line 3139.


LaTeX Warning: Reference `fig:exp3_plot_days_fast' on page 110 undefined on inp
ut line 3139.


LaTeX Warning: Reference `fig:exp3_plot_days_slow' on page 110 undefined on inp
ut line 3139.


LaTeX Warning: Reference `fig:exp3_plot_days_time_struc' on page 110 undefined 
on input line 3140.


LaTeX Warning: Reference `fig:exp3_plot_days_fast' on page 110 undefined on inp
ut line 3140.


LaTeX Warning: Reference `fig:exp3_plot_days_slow' on page 110 undefined on inp
ut line 3140.


LaTeX Warning: Reference `fig:exp3_plot_days_time_struc' on page 110 undefined 
on input line 3141.


LaTeX Warning: Reference `fig:exp3_plot_days_fast' on page 110 undefined on inp
ut line 3141.


LaTeX Warning: Reference `fig:exp3_plot_days_slow' on page 110 undefined on inp
ut line 3141.


LaTeX Warning: Reference `fig:exp3_plot_days_time_struc' on page 110 undefined 
on input line 3142.


LaTeX Warning: Reference `fig:exp3_plot_days_fast' on page 110 undefined on inp
ut line 3142.


LaTeX Warning: Reference `fig:exp3_plot_days_slow' on page 110 undefined on inp
ut line 3142.

[110]

Package caption Warning: The option `hypcap=true' will be ignored for this
(caption)                particular \caption on input line 3154.
See the caption package documentation for explanation.


Underfull \vbox (badness 10000) detected at line 3249
 []

[111

]
Underfull \vbox (badness 10000) detected at line 3249
 []


Underfull \vbox (badness 10000) detected at line 3249
 []

[112] [113] (./thesis.aux)

LaTeX Font Warning: Some font shapes were not available, defaults substituted.


LaTeX Warning: There were undefined references.


LaTeX Warning: There were multiply-defined labels.

Package rerunfilecheck Info: File `thesis.out' has not changed.
(rerunfilecheck)             Checksum: 70ACDC9D2F996503A60B24DF7A466CA6;52748.
Package logreq Info: Writing requests to 'thesis.run.xml'.
\openout1 = `thesis.run.xml'.

 ) 
Here is how much of TeX's memory you used:
 28606 strings out of 478268
 518286 string characters out of 5846348
 1364857 words of memory out of 5000000
 45537 multiletter control sequences out of 15000+600000
 643760 words of font info for 233 fonts, out of 8000000 for 9000
 1141 hyphenation exceptions out of 8191
 85i,14n,102p,2261b,5165s stack positions out of 10000i,1000n,20000p,200000b,200000s

pdfTeX warning (dest): name{definition-variables} has been referenced but does 
not exist, replaced by a fixed one


pdfTeX warning (dest): name{time-inc-proc} has been referenced but does not exi
st, replaced by a fixed one

{/usr/local/texlive/2022/texmf-dist/fonts/enc/dvips/lm/lm-rm.enc}{/usr/local/te
xlive/2022/texmf-dist/fonts/enc/dvips/lm/lm-mathit.enc}{/usr/local/texlive/2022
/texmf-dist/fonts/enc/dvips/lm/lm-mathsy.enc}{/usr/local/texlive/2022/texmf-dis
t/fonts/enc/dvips/base/8r.enc}{/usr/local/texlive/2022/texmf-dist/fonts/enc/dvi
ps/lm/lm-ts1.enc}{/usr/local/texlive/2022/texmf-dist/fonts/enc/dvips/lm/lm-rmtt
.enc}{/usr/local/texlive/2022/texmf-dist/fonts/enc/dvips/lm/lm-mathex.enc}</usr
/local/texlive/2022/texmf-dist/fonts/type1/public/amsfonts/cm/cmmi8.pfb></usr/l
ocal/texlive/2022/texmf-dist/fonts/type1/public/amsfonts/cm/cmr12.pfb></usr/loc
al/texlive/2022/texmf-dist/fonts/type1/public/amsfonts/cm/cmsy10.pfb></usr/loca
l/texlive/2022/texmf-dist/fonts/type1/public/amsfonts/cm/cmsy8.pfb></usr/local/
texlive/2022/texmf-dist/fonts/type1/public/amsfonts/euler/eurm10.pfb></usr/loca
l/texlive/2022/texmf-dist/fonts/type1/public/amsfonts/euler/eurm5.pfb></usr/loc
al/texlive/2022/texmf-dist/fonts/type1/public/amsfonts/euler/eurm7.pfb></usr/lo
cal/texlive/2022/texmf-dist/fonts/type1/public/lm/lmbx10.pfb></usr/local/texliv
e/2022/texmf-dist/fonts/type1/public/lm/lmbx12.pfb></usr/local/texlive/2022/tex
mf-dist/fonts/type1/public/lm/lmbx8.pfb></usr/local/texlive/2022/texmf-dist/fon
ts/type1/public/lm/lmex10.pfb></usr/local/texlive/2022/texmf-dist/fonts/type1/p
ublic/lm/lmmi10.pfb></usr/local/texlive/2022/texmf-dist/fonts/type1/public/lm/l
mmi12.pfb></usr/local/texlive/2022/texmf-dist/fonts/type1/public/lm/lmmi5.pfb><
/usr/local/texlive/2022/texmf-dist/fonts/type1/public/lm/lmmi6.pfb></usr/local/
texlive/2022/texmf-dist/fonts/type1/public/lm/lmmi7.pfb></usr/local/texlive/202
2/texmf-dist/fonts/type1/public/lm/lmmi8.pfb></usr/local/texlive/2022/texmf-dis
t/fonts/type1/public/lm/lmr10.pfb></usr/local/texlive/2022/texmf-dist/fonts/typ
e1/public/lm/lmr12.pfb></usr/local/texlive/2022/texmf-dist/fonts/type1/public/l
m/lmr5.pfb></usr/local/texlive/2022/texmf-dist/fonts/type1/public/lm/lmr6.pfb><
/usr/local/texlive/2022/texmf-dist/fonts/type1/public/lm/lmr7.pfb></usr/local/t
exlive/2022/texmf-dist/fonts/type1/public/lm/lmr8.pfb></usr/local/texlive/2022/
texmf-dist/fonts/type1/public/lm/lmri12.pfb></usr/local/texlive/2022/texmf-dist
/fonts/type1/public/lm/lmsy10.pfb></usr/local/texlive/2022/texmf-dist/fonts/typ
e1/public/lm/lmsy5.pfb></usr/local/texlive/2022/texmf-dist/fonts/type1/public/l
m/lmsy6.pfb></usr/local/texlive/2022/texmf-dist/fonts/type1/public/lm/lmsy7.pfb
></usr/local/texlive/2022/texmf-dist/fonts/type1/public/lm/lmsy8.pfb></usr/loca
l/texlive/2022/texmf-dist/fonts/type1/public/lm/lmtk10.pfb></usr/local/texlive/
2022/texmf-dist/fonts/type1/public/lm/lmtt10.pfb></usr/local/texlive/2022/texmf
-dist/fonts/type1/public/lm/lmtt12.pfb></usr/local/texlive/2022/texmf-dist/font
s/type1/public/lm/lmtt8.pfb></usr/local/texlive/2022/texmf-dist/fonts/type1/pub
lic/amsfonts/symbols/msam7.pfb></usr/local/texlive/2022/texmf-dist/fonts/type1/
public/amsfonts/symbols/msbm10.pfb></usr/local/texlive/2022/texmf-dist/fonts/ty
pe1/urw/helvetic/uhvb8a.pfb></usr/local/texlive/2022/texmf-dist/fonts/type1/urw
/helvetic/uhvr8a.pfb></usr/local/texlive/2022/texmf-dist/fonts/type1/urw/helvet
ic/uhvro8a.pfb>
Output written on thesis.pdf (129 pages, 1407991 bytes).
PDF statistics:
 3014 PDF objects out of 3580 (max. 8388607)
 2693 compressed objects within 27 object streams
 701 named destinations out of 1000 (max. 500000)
 1995 words of extra memory for PDF output out of 10000 (max. 10000000)

